2025-03-21 14:34:17 - Старт программы.
2025-03-21 14:34:17 - Ошибка при чтении файла настроек: config.properties (Не удается найти указанный файл)
2025-03-21 14:36:15 - Старт программы.
2025-03-21 14:36:15 - Настройки загружены. Пользователь: n
2025-03-21 14:36:18 - Авторизация пройдена.
2025-03-21 14:36:18 - Запуск автотестов...
2025-03-21 14:36:18 - Результаты автотестов: все тесты пройдены.
2025-03-21 14:37:25 - Животное {name} добавлено.
2025-03-21 14:37:40 - Животное {name} добавлено.
2025-03-21 14:38:10 - Выход из программы.
2025-03-21 14:38:10 - Завершение программы.
2025-03-21 14:38:18 - Старт программы.
2025-03-21 14:38:18 - Настройки загружены. Пользователь: n
2025-03-25 22:24:26 - Старт программы.
2025-03-25 22:24:26 - Настройки загружены. Пользователь: n
2025-03-25 22:24:40 - Авторизация пройдена.
2025-03-25 22:24:40 - Запуск автотестов...
2025-03-25 22:24:40 - Результаты автотестов: все тесты пройдены.
2025-03-25 22:25:03 - Животное {name} добавлено.
2025-03-25 22:26:40 - Животное удалено.
2025-03-25 22:28:07 - Выход из программы.
2025-03-25 22:28:07 - Завершение программы.
