---operator,countItem,totalTime,medianTime---
[ArrayList:10]
add,10,8800,880
remove,1,8300,8300
[HashMap:10]
put,10,55400,5540
remove,1,19600,19600
[ArrayList:100]
add,100,96800,968
remove,10,57600,5760
[HashMap:100]
put,100,364900,3649
remove,10,47400,4740
[ArrayList:1000]
add,1000,173100,173
remove,100,168000,1680
[HashMap:1000]
put,1000,526900,526
remove,100,209600,2096
[ArrayList:10000]
add,10000,1149400,114
remove,1000,1948500,1948
[HashMap:10000]
put,10000,3820800,382
remove,1000,1173500,1173
[ArrayList:100000]
add,100000,6776900,67
remove,10000,51916900,5191
[HashMap:100000]
put,100000,19307300,193
remove,10000,3447700,344
