2025-03-25 22:32:22 - ------------------------------------------------------------------------------
2025-03-25 22:32:22 - Start program
2025-03-25 22:32:22 - ------------------------------------------------------------------------------
2025-03-25 22:32:22 - ------------------------------------------------------------------------------
2025-03-25 22:32:22 - Testing with size: 10
2025-03-25 22:32:22 - ------------------------------------------------------------------------------
2025-03-25 22:32:22 - ArrayList: add, ID = 0, 4800 ns
2025-03-25 22:32:22 - ArrayList capacity increased from 0 to 10 	 in 4800 ns
2025-03-25 22:32:22 - ArrayList: add, ID = 1, 800 ns
2025-03-25 22:32:22 - ArrayList: add, ID = 2, 300 ns
2025-03-25 22:32:22 - ArrayList: add, ID = 3, 300 ns
2025-03-25 22:32:22 - ArrayList: add, ID = 4, 500 ns
2025-03-25 22:32:22 - ArrayList: add, ID = 5, 400 ns
2025-03-25 22:32:22 - ArrayList: add, ID = 6, 500 ns
2025-03-25 22:32:22 - ArrayList: add, ID = 7, 400 ns
2025-03-25 22:32:22 - ArrayList: add, ID = 8, 300 ns
2025-03-25 22:32:22 - ArrayList: add, ID = 9, 500 ns
2025-03-25 22:32:22 - ArrayList: remove, ID = 0, 8300 ns
2025-03-25 22:32:22 - ------------------------------------------------------------------------------
2025-03-25 22:32:22 - ArrayList Summary:
2025-03-25 22:32:22 - ------------------------------------------------------------------------------
2025-03-25 22:32:22 - add	TotalCount = 10
2025-03-25 22:32:22 - 		TotalTime = 8800 ns
2025-03-25 22:32:22 - 		MedianTime = 880 ns
2025-03-25 22:32:22 - remove	TotalCount = 1
2025-03-25 22:32:22 - 		TotalTime = 8300 ns
2025-03-25 22:32:22 - 		MedianTime = 8300 ns
2025-03-25 22:32:22 - ------------------------------------------------------------------------------
2025-03-25 22:32:22 - HashMap: put, ID = 0, 17400 ns
2025-03-25 22:32:22 - HashMap: put, ID = 1, 3400 ns
2025-03-25 22:32:22 - HashMap: put, ID = 2, 2100 ns
2025-03-25 22:32:22 - HashMap: put, ID = 3, 11600 ns
2025-03-25 22:32:22 - HashMap: put, ID = 4, 9200 ns
2025-03-25 22:32:22 - HashMap: put, ID = 5, 6000 ns
2025-03-25 22:32:22 - HashMap: put, ID = 6, 1600 ns
2025-03-25 22:32:22 - HashMap: put, ID = 7, 1400 ns
2025-03-25 22:32:22 - HashMap: put, ID = 8, 1300 ns
2025-03-25 22:32:22 - HashMap: put, ID = 9, 1400 ns
2025-03-25 22:32:22 - HashMap: remove, ID = 5, 19600 ns
2025-03-25 22:32:22 - ------------------------------------------------------------------------------
2025-03-25 22:32:22 - HashMap Summary:
2025-03-25 22:32:22 - ------------------------------------------------------------------------------
2025-03-25 22:32:22 - put	TotalCount = 10
2025-03-25 22:32:22 - 		TotalTime = 55400 ns
2025-03-25 22:32:22 - 		MedianTime = 5540 ns
2025-03-25 22:32:22 - remove	TotalCount = 1
2025-03-25 22:32:22 - 		TotalTime = 19600 ns
2025-03-25 22:32:22 - 		MedianTime = 19600 ns
2025-03-25 22:32:22 - ------------------------------------------------------------------------------
2025-03-25 22:32:22 - ------------------------------------------------------------------------------
2025-03-25 22:32:22 - Testing with size: 100
2025-03-25 22:32:22 - ------------------------------------------------------------------------------
2025-03-25 22:32:22 - ArrayList: add, ID = 0, 700 ns
2025-03-25 22:32:22 - ArrayList capacity increased from 0 to 10 	 in 700 ns
2025-03-25 22:32:22 - ArrayList: add, ID = 1, 400 ns
2025-03-25 22:32:22 - ArrayList: add, ID = 2, 400 ns
2025-03-25 22:32:22 - ArrayList: add, ID = 3, 400 ns
2025-03-25 22:32:22 - ArrayList: add, ID = 4, 500 ns
2025-03-25 22:32:22 - ArrayList: add, ID = 5, 400 ns
2025-03-25 22:32:22 - ArrayList: add, ID = 6, 400 ns
2025-03-25 22:32:22 - ArrayList: add, ID = 7, 400 ns
2025-03-25 22:32:22 - ArrayList: add, ID = 8, 400 ns
2025-03-25 22:32:22 - ArrayList: add, ID = 9, 400 ns
2025-03-25 22:32:22 - ArrayList: add, ID = 10, 600 ns
2025-03-25 22:32:22 - ArrayList capacity increased from 10 to 15 	 in 200 ns
2025-03-25 22:32:22 - ArrayList: add, ID = 11, 800 ns
2025-03-25 22:32:22 - ArrayList: add, ID = 12, 400 ns
2025-03-25 22:32:22 - ArrayList: add, ID = 13, 300 ns
2025-03-25 22:32:22 - ArrayList: add, ID = 14, 300 ns
2025-03-25 22:32:22 - ArrayList: add, ID = 15, 5000 ns
2025-03-25 22:32:22 - ArrayList capacity increased from 15 to 22 	 in 4700 ns
2025-03-25 22:32:22 - ArrayList: add, ID = 16, 900 ns
2025-03-25 22:32:22 - ArrayList: add, ID = 17, 600 ns
2025-03-25 22:32:22 - ArrayList: add, ID = 18, 400 ns
2025-03-25 22:32:22 - ArrayList: add, ID = 19, 300 ns
2025-03-25 22:32:22 - ArrayList: add, ID = 20, 400 ns
2025-03-25 22:32:22 - ArrayList: add, ID = 21, 400 ns
2025-03-25 22:32:22 - ArrayList: add, ID = 22, 800 ns
2025-03-25 22:32:22 - ArrayList capacity increased from 22 to 33 	 in 400 ns
2025-03-25 22:32:22 - ArrayList: add, ID = 23, 300 ns
2025-03-25 22:32:22 - ArrayList: add, ID = 24, 400 ns
2025-03-25 22:32:22 - ArrayList: add, ID = 25, 300 ns
2025-03-25 22:32:22 - ArrayList: add, ID = 26, 300 ns
2025-03-25 22:32:22 - ArrayList: add, ID = 27, 500 ns
2025-03-25 22:32:22 - ArrayList: add, ID = 28, 39400 ns
2025-03-25 22:32:22 - ArrayList: add, ID = 29, 800 ns
2025-03-25 22:32:22 - ArrayList: add, ID = 30, 1200 ns
2025-03-25 22:32:22 - ArrayList: add, ID = 31, 500 ns
2025-03-25 22:32:22 - ArrayList: add, ID = 32, 400 ns
2025-03-25 22:32:22 - ArrayList: add, ID = 33, 700 ns
2025-03-25 22:32:22 - ArrayList capacity increased from 33 to 49 	 in 300 ns
2025-03-25 22:32:22 - ArrayList: add, ID = 34, 300 ns
2025-03-25 22:32:22 - ArrayList: add, ID = 35, 400 ns
2025-03-25 22:32:22 - ArrayList: add, ID = 36, 600 ns
2025-03-25 22:32:22 - ArrayList: add, ID = 37, 700 ns
2025-03-25 22:32:22 - ArrayList: add, ID = 38, 700 ns
2025-03-25 22:32:22 - ArrayList: add, ID = 39, 300 ns
2025-03-25 22:32:22 - ArrayList: add, ID = 40, 300 ns
2025-03-25 22:32:22 - ArrayList: add, ID = 41, 500 ns
2025-03-25 22:32:22 - ArrayList: add, ID = 42, 400 ns
2025-03-25 22:32:22 - ArrayList: add, ID = 43, 300 ns
2025-03-25 22:32:22 - ArrayList: add, ID = 44, 600 ns
2025-03-25 22:32:22 - ArrayList: add, ID = 45, 500 ns
2025-03-25 22:32:22 - ArrayList: add, ID = 46, 400 ns
2025-03-25 22:32:22 - ArrayList: add, ID = 47, 500 ns
2025-03-25 22:32:22 - ArrayList: add, ID = 48, 300 ns
2025-03-25 22:32:22 - ArrayList: add, ID = 49, 1000 ns
2025-03-25 22:32:22 - ArrayList capacity increased from 49 to 73 	 in 700 ns
2025-03-25 22:32:22 - ArrayList: add, ID = 50, 600 ns
2025-03-25 22:32:22 - 	---	
2025-03-25 22:32:22 - ArrayList: add, ID = 51, 500 ns
2025-03-25 22:32:22 - ArrayList: add, ID = 52, 600 ns
2025-03-25 22:32:22 - ArrayList: add, ID = 53, 400 ns
2025-03-25 22:32:22 - ArrayList: add, ID = 54, 400 ns
2025-03-25 22:32:22 - ArrayList: add, ID = 55, 400 ns
2025-03-25 22:32:22 - ArrayList: add, ID = 56, 400 ns
2025-03-25 22:32:22 - ArrayList: add, ID = 57, 300 ns
2025-03-25 22:32:22 - ArrayList: add, ID = 58, 300 ns
2025-03-25 22:32:22 - ArrayList: add, ID = 59, 500 ns
2025-03-25 22:32:22 - ArrayList: add, ID = 60, 400 ns
2025-03-25 22:32:22 - ArrayList: add, ID = 61, 400 ns
2025-03-25 22:32:22 - ArrayList: add, ID = 62, 400 ns
2025-03-25 22:32:22 - ArrayList: add, ID = 63, 400 ns
2025-03-25 22:32:22 - ArrayList: add, ID = 64, 300 ns
2025-03-25 22:32:22 - ArrayList: add, ID = 65, 400 ns
2025-03-25 22:32:22 - ArrayList: add, ID = 66, 500 ns
2025-03-25 22:32:22 - ArrayList: add, ID = 67, 400 ns
2025-03-25 22:32:22 - ArrayList: add, ID = 68, 400 ns
2025-03-25 22:32:22 - ArrayList: add, ID = 69, 1700 ns
2025-03-25 22:32:22 - ArrayList: add, ID = 70, 500 ns
2025-03-25 22:32:22 - ArrayList: add, ID = 71, 400 ns
2025-03-25 22:32:22 - ArrayList: add, ID = 72, 600 ns
2025-03-25 22:32:22 - ArrayList: add, ID = 73, 1600 ns
2025-03-25 22:32:22 - ArrayList capacity increased from 73 to 109 	 in 1000 ns
2025-03-25 22:32:22 - ArrayList: add, ID = 74, 600 ns
2025-03-25 22:32:22 - ArrayList: add, ID = 75, 1600 ns
2025-03-25 22:32:22 - ArrayList: add, ID = 76, 800 ns
2025-03-25 22:32:22 - ArrayList: add, ID = 77, 600 ns
2025-03-25 22:32:22 - ArrayList: add, ID = 78, 500 ns
2025-03-25 22:32:22 - ArrayList: add, ID = 79, 800 ns
2025-03-25 22:32:22 - ArrayList: add, ID = 80, 300 ns
2025-03-25 22:32:22 - ArrayList: add, ID = 81, 500 ns
2025-03-25 22:32:22 - ArrayList: add, ID = 82, 600 ns
2025-03-25 22:32:22 - ArrayList: add, ID = 83, 800 ns
2025-03-25 22:32:22 - ArrayList: add, ID = 84, 900 ns
2025-03-25 22:32:22 - ArrayList: add, ID = 85, 500 ns
2025-03-25 22:32:22 - ArrayList: add, ID = 86, 400 ns
2025-03-25 22:32:22 - ArrayList: add, ID = 87, 600 ns
2025-03-25 22:32:22 - ArrayList: add, ID = 88, 400 ns
2025-03-25 22:32:22 - ArrayList: add, ID = 89, 300 ns
2025-03-25 22:32:22 - ArrayList: add, ID = 90, 800 ns
2025-03-25 22:32:22 - ArrayList: add, ID = 91, 600 ns
2025-03-25 22:32:22 - ArrayList: add, ID = 92, 300 ns
2025-03-25 22:32:22 - ArrayList: add, ID = 93, 900 ns
2025-03-25 22:32:22 - ArrayList: add, ID = 94, 800 ns
2025-03-25 22:32:22 - ArrayList: add, ID = 95, 500 ns
2025-03-25 22:32:22 - ArrayList: add, ID = 96, 400 ns
2025-03-25 22:32:22 - ArrayList: add, ID = 97, 500 ns
2025-03-25 22:32:22 - ArrayList: add, ID = 98, 500 ns
2025-03-25 22:32:22 - ArrayList: add, ID = 99, 300 ns
2025-03-25 22:32:22 - ArrayList: remove, ID = 71, 4600 ns
2025-03-25 22:32:22 - ArrayList: remove, ID = 17, 5600 ns
2025-03-25 22:32:22 - ArrayList: remove, ID = 50, 4400 ns
2025-03-25 22:32:22 - ArrayList: remove, ID = 45, 5700 ns
2025-03-25 22:32:22 - ArrayList: remove, ID = 56, 5700 ns
2025-03-25 22:32:22 - ArrayList: remove, ID = 66, 10800 ns
2025-03-25 22:32:22 - ArrayList: remove, ID = 34, 5500 ns
2025-03-25 22:32:22 - ArrayList: remove, ID = 43, 10200 ns
2025-03-25 22:32:22 - ArrayList: remove, ID = 70, 2600 ns
2025-03-25 22:32:22 - ArrayList: remove, ID = 5, 2500 ns
2025-03-25 22:32:22 - ------------------------------------------------------------------------------
2025-03-25 22:32:22 - ArrayList Summary:
2025-03-25 22:32:22 - ------------------------------------------------------------------------------
2025-03-25 22:32:22 - add	TotalCount = 100
2025-03-25 22:32:22 - 		TotalTime = 96800 ns
2025-03-25 22:32:22 - 		MedianTime = 968 ns
2025-03-25 22:32:22 - remove	TotalCount = 10
2025-03-25 22:32:22 - 		TotalTime = 57600 ns
2025-03-25 22:32:22 - 		MedianTime = 5760 ns
2025-03-25 22:32:22 - ------------------------------------------------------------------------------
2025-03-25 22:32:22 - HashMap: put, ID = 0, 4200 ns
2025-03-25 22:32:22 - HashMap: put, ID = 1, 3600 ns
2025-03-25 22:32:22 - HashMap: put, ID = 2, 3500 ns
2025-03-25 22:32:22 - HashMap: put, ID = 3, 4600 ns
2025-03-25 22:32:22 - HashMap: put, ID = 4, 5900 ns
2025-03-25 22:32:22 - HashMap: put, ID = 5, 4600 ns
2025-03-25 22:32:22 - HashMap: put, ID = 6, 7600 ns
2025-03-25 22:32:22 - HashMap: put, ID = 7, 13300 ns
2025-03-25 22:32:22 - HashMap: put, ID = 8, 4700 ns
2025-03-25 22:32:22 - HashMap: put, ID = 9, 9000 ns
2025-03-25 22:32:22 - HashMap: put, ID = 10, 11400 ns
2025-03-25 22:32:22 - HashMap: put, ID = 11, 5600 ns
2025-03-25 22:32:22 - HashMap: put, ID = 12, 6200 ns
2025-03-25 22:32:22 - HashMap: put, ID = 13, 3900 ns
2025-03-25 22:32:22 - HashMap: put, ID = 14, 4800 ns
2025-03-25 22:32:22 - HashMap: put, ID = 15, 6200 ns
2025-03-25 22:32:22 - HashMap: put, ID = 16, 4200 ns
2025-03-25 22:32:22 - HashMap: put, ID = 17, 4400 ns
2025-03-25 22:32:22 - HashMap: put, ID = 18, 4700 ns
2025-03-25 22:32:22 - HashMap: put, ID = 19, 2500 ns
2025-03-25 22:32:22 - HashMap: put, ID = 20, 4200 ns
2025-03-25 22:32:22 - HashMap: put, ID = 21, 11600 ns
2025-03-25 22:32:22 - HashMap: put, ID = 22, 12900 ns
2025-03-25 22:32:22 - HashMap: put, ID = 23, 6200 ns
2025-03-25 22:32:22 - HashMap: put, ID = 24, 7500 ns
2025-03-25 22:32:22 - HashMap: put, ID = 25, 4900 ns
2025-03-25 22:32:22 - HashMap: put, ID = 26, 8400 ns
2025-03-25 22:32:22 - HashMap: put, ID = 27, 20400 ns
2025-03-25 22:32:22 - HashMap: put, ID = 28, 3100 ns
2025-03-25 22:32:22 - HashMap: put, ID = 29, 4200 ns
2025-03-25 22:32:22 - HashMap: put, ID = 30, 3200 ns
2025-03-25 22:32:22 - HashMap: put, ID = 31, 8600 ns
2025-03-25 22:32:22 - HashMap: put, ID = 32, 4200 ns
2025-03-25 22:32:22 - HashMap: put, ID = 33, 2300 ns
2025-03-25 22:32:22 - HashMap: put, ID = 34, 5000 ns
2025-03-25 22:32:22 - HashMap: put, ID = 35, 1900 ns
2025-03-25 22:32:22 - HashMap: put, ID = 36, 1600 ns
2025-03-25 22:32:22 - HashMap: put, ID = 37, 1500 ns
2025-03-25 22:32:22 - HashMap: put, ID = 38, 1300 ns
2025-03-25 22:32:22 - HashMap: put, ID = 39, 1100 ns
2025-03-25 22:32:22 - HashMap: put, ID = 40, 1300 ns
2025-03-25 22:32:22 - HashMap: put, ID = 41, 2000 ns
2025-03-25 22:32:22 - HashMap: put, ID = 42, 1800 ns
2025-03-25 22:32:22 - HashMap: put, ID = 43, 1800 ns
2025-03-25 22:32:22 - HashMap: put, ID = 44, 2500 ns
2025-03-25 22:32:22 - HashMap: put, ID = 45, 3800 ns
2025-03-25 22:32:22 - HashMap: put, ID = 46, 3100 ns
2025-03-25 22:32:22 - HashMap: put, ID = 47, 3600 ns
2025-03-25 22:32:22 - HashMap: put, ID = 48, 15100 ns
2025-03-25 22:32:22 - HashMap: put, ID = 49, 3300 ns
2025-03-25 22:32:22 - HashMap: put, ID = 50, 1700 ns
2025-03-25 22:32:22 - 	---	
2025-03-25 22:32:22 - HashMap: put, ID = 51, 1400 ns
2025-03-25 22:32:22 - HashMap: put, ID = 52, 1300 ns
2025-03-25 22:32:22 - HashMap: put, ID = 53, 1400 ns
2025-03-25 22:32:22 - HashMap: put, ID = 54, 1200 ns
2025-03-25 22:32:22 - HashMap: put, ID = 55, 1300 ns
2025-03-25 22:32:22 - HashMap: put, ID = 56, 1100 ns
2025-03-25 22:32:22 - HashMap: put, ID = 57, 1100 ns
2025-03-25 22:32:22 - HashMap: put, ID = 58, 1200 ns
2025-03-25 22:32:22 - HashMap: put, ID = 59, 2900 ns
2025-03-25 22:32:22 - HashMap: put, ID = 60, 3000 ns
2025-03-25 22:32:22 - HashMap: put, ID = 61, 1300 ns
2025-03-25 22:32:22 - HashMap: put, ID = 62, 1200 ns
2025-03-25 22:32:22 - HashMap: put, ID = 63, 1200 ns
2025-03-25 22:32:22 - HashMap: put, ID = 64, 1100 ns
2025-03-25 22:32:22 - HashMap: put, ID = 65, 2000 ns
2025-03-25 22:32:22 - HashMap: put, ID = 66, 2000 ns
2025-03-25 22:32:22 - HashMap: put, ID = 67, 3200 ns
2025-03-25 22:32:22 - HashMap: put, ID = 68, 3400 ns
2025-03-25 22:32:22 - HashMap: put, ID = 69, 2500 ns
2025-03-25 22:32:22 - HashMap: put, ID = 70, 3800 ns
2025-03-25 22:32:22 - HashMap: put, ID = 71, 1800 ns
2025-03-25 22:32:22 - HashMap: put, ID = 72, 1700 ns
2025-03-25 22:32:22 - HashMap: put, ID = 73, 1700 ns
2025-03-25 22:32:22 - HashMap: put, ID = 74, 1800 ns
2025-03-25 22:32:22 - HashMap: put, ID = 75, 2500 ns
2025-03-25 22:32:22 - HashMap: put, ID = 76, 2100 ns
2025-03-25 22:32:22 - HashMap: put, ID = 77, 1800 ns
2025-03-25 22:32:22 - HashMap: put, ID = 78, 1400 ns
2025-03-25 22:32:22 - HashMap: put, ID = 79, 1200 ns
2025-03-25 22:32:22 - HashMap: put, ID = 80, 1200 ns
2025-03-25 22:32:22 - HashMap: put, ID = 81, 1700 ns
2025-03-25 22:32:22 - HashMap: put, ID = 82, 1400 ns
2025-03-25 22:32:22 - HashMap: put, ID = 83, 1300 ns
2025-03-25 22:32:22 - HashMap: put, ID = 84, 1100 ns
2025-03-25 22:32:22 - HashMap: put, ID = 85, 1500 ns
2025-03-25 22:32:22 - HashMap: put, ID = 86, 1600 ns
2025-03-25 22:32:22 - HashMap: put, ID = 87, 2600 ns
2025-03-25 22:32:22 - HashMap: put, ID = 88, 1400 ns
2025-03-25 22:32:22 - HashMap: put, ID = 89, 1800 ns
2025-03-25 22:32:22 - HashMap: put, ID = 90, 2900 ns
2025-03-25 22:32:22 - HashMap: put, ID = 91, 3100 ns
2025-03-25 22:32:22 - HashMap: put, ID = 92, 1300 ns
2025-03-25 22:32:22 - HashMap: put, ID = 93, 1000 ns
2025-03-25 22:32:22 - HashMap: put, ID = 94, 2000 ns
2025-03-25 22:32:22 - HashMap: put, ID = 95, 2600 ns
2025-03-25 22:32:22 - HashMap: put, ID = 96, 8900 ns
2025-03-25 22:32:22 - HashMap: put, ID = 97, 1300 ns
2025-03-25 22:32:22 - HashMap: put, ID = 98, 1700 ns
2025-03-25 22:32:22 - HashMap: put, ID = 99, 1900 ns
2025-03-25 22:32:22 - HashMap: remove, ID = 27, 5100 ns
2025-03-25 22:32:22 - HashMap: remove, ID = 22, 3600 ns
2025-03-25 22:32:22 - HashMap: remove, ID = 97, 2500 ns
2025-03-25 22:32:22 - HashMap: remove, ID = 71, 2800 ns
2025-03-25 22:32:22 - HashMap: remove, ID = 98, 2600 ns
2025-03-25 22:32:22 - HashMap: remove, ID = 57, 2600 ns
2025-03-25 22:32:22 - HashMap: remove, ID = 97, 2000 ns
2025-03-25 22:32:22 - HashMap: remove, ID = 74, 12300 ns
2025-03-25 22:32:22 - HashMap: remove, ID = 2, 4900 ns
2025-03-25 22:32:22 - HashMap: remove, ID = 20, 9000 ns
2025-03-25 22:32:22 - ------------------------------------------------------------------------------
2025-03-25 22:32:22 - HashMap Summary:
2025-03-25 22:32:22 - ------------------------------------------------------------------------------
2025-03-25 22:32:22 - put	TotalCount = 100
2025-03-25 22:32:22 - 		TotalTime = 364900 ns
2025-03-25 22:32:22 - 		MedianTime = 3649 ns
2025-03-25 22:32:22 - remove	TotalCount = 10
2025-03-25 22:32:22 - 		TotalTime = 47400 ns
2025-03-25 22:32:22 - 		MedianTime = 4740 ns
2025-03-25 22:32:22 - ------------------------------------------------------------------------------
2025-03-25 22:32:22 - ------------------------------------------------------------------------------
2025-03-25 22:32:22 - Testing with size: 1000
2025-03-25 22:32:22 - ------------------------------------------------------------------------------
2025-03-25 22:32:22 - ArrayList: add, ID = 0, 800 ns
2025-03-25 22:32:22 - ArrayList capacity increased from 0 to 10 	 in 800 ns
2025-03-25 22:32:22 - ArrayList: add, ID = 1, 700 ns
2025-03-25 22:32:22 - ArrayList: add, ID = 2, 400 ns
2025-03-25 22:32:22 - ArrayList: add, ID = 3, 300 ns
2025-03-25 22:32:22 - ArrayList: add, ID = 4, 300 ns
2025-03-25 22:32:22 - ArrayList: add, ID = 5, 300 ns
2025-03-25 22:32:22 - ArrayList: add, ID = 6, 300 ns
2025-03-25 22:32:22 - ArrayList: add, ID = 7, 400 ns
2025-03-25 22:32:22 - ArrayList: add, ID = 8, 200 ns
2025-03-25 22:32:22 - ArrayList: add, ID = 9, 300 ns
2025-03-25 22:32:22 - ArrayList: add, ID = 10, 400 ns
2025-03-25 22:32:22 - ArrayList capacity increased from 10 to 15 	 in 100 ns
2025-03-25 22:32:22 - ArrayList: add, ID = 11, 400 ns
2025-03-25 22:32:22 - ArrayList: add, ID = 12, 300 ns
2025-03-25 22:32:22 - ArrayList: add, ID = 13, 300 ns
2025-03-25 22:32:22 - ArrayList: add, ID = 14, 300 ns
2025-03-25 22:32:22 - ArrayList: add, ID = 15, 600 ns
2025-03-25 22:32:22 - ArrayList capacity increased from 15 to 22 	 in 300 ns
2025-03-25 22:32:22 - ArrayList: add, ID = 16, 300 ns
2025-03-25 22:32:22 - ArrayList: add, ID = 17, 400 ns
2025-03-25 22:32:22 - ArrayList: add, ID = 18, 300 ns
2025-03-25 22:32:22 - ArrayList: add, ID = 19, 300 ns
2025-03-25 22:32:22 - ArrayList: add, ID = 20, 400 ns
2025-03-25 22:32:22 - ArrayList: add, ID = 21, 300 ns
2025-03-25 22:32:22 - ArrayList: add, ID = 22, 600 ns
2025-03-25 22:32:22 - ArrayList capacity increased from 22 to 33 	 in 300 ns
2025-03-25 22:32:22 - ArrayList: add, ID = 23, 300 ns
2025-03-25 22:32:22 - ArrayList: add, ID = 24, 300 ns
2025-03-25 22:32:22 - ArrayList: add, ID = 25, 300 ns
2025-03-25 22:32:22 - ArrayList: add, ID = 26, 400 ns
2025-03-25 22:32:22 - ArrayList: add, ID = 27, 600 ns
2025-03-25 22:32:22 - ArrayList: add, ID = 28, 4000 ns
2025-03-25 22:32:22 - ArrayList: add, ID = 29, 600 ns
2025-03-25 22:32:22 - ArrayList: add, ID = 30, 300 ns
2025-03-25 22:32:22 - ArrayList: add, ID = 31, 1000 ns
2025-03-25 22:32:22 - ArrayList: add, ID = 32, 600 ns
2025-03-25 22:32:22 - ArrayList: add, ID = 33, 5200 ns
2025-03-25 22:32:22 - ArrayList capacity increased from 33 to 49 	 in 4600 ns
2025-03-25 22:32:22 - ArrayList: add, ID = 34, 400 ns
2025-03-25 22:32:22 - ArrayList: add, ID = 35, 500 ns
2025-03-25 22:32:22 - ArrayList: add, ID = 36, 300 ns
2025-03-25 22:32:22 - ArrayList: add, ID = 37, 400 ns
2025-03-25 22:32:22 - ArrayList: add, ID = 38, 300 ns
2025-03-25 22:32:22 - ArrayList: add, ID = 39, 400 ns
2025-03-25 22:32:22 - ArrayList: add, ID = 40, 300 ns
2025-03-25 22:32:22 - ArrayList: add, ID = 41, 300 ns
2025-03-25 22:32:22 - ArrayList: add, ID = 42, 400 ns
2025-03-25 22:32:22 - ArrayList: add, ID = 43, 300 ns
2025-03-25 22:32:22 - ArrayList: add, ID = 44, 300 ns
2025-03-25 22:32:22 - ArrayList: add, ID = 45, 300 ns
2025-03-25 22:32:22 - ArrayList: add, ID = 46, 400 ns
2025-03-25 22:32:22 - ArrayList: add, ID = 47, 400 ns
2025-03-25 22:32:22 - ArrayList: add, ID = 48, 300 ns
2025-03-25 22:32:22 - ArrayList: add, ID = 49, 700 ns
2025-03-25 22:32:22 - ArrayList capacity increased from 49 to 73 	 in 400 ns
2025-03-25 22:32:22 - ArrayList capacity increased from 73 to 109 	 in 2000 ns
2025-03-25 22:32:22 - ArrayList capacity increased from 109 to 163 	 in 500 ns
2025-03-25 22:32:22 - ArrayList capacity increased from 163 to 244 	 in 1400 ns
2025-03-25 22:32:22 - ArrayList capacity increased from 244 to 366 	 in 2500 ns
2025-03-25 22:32:22 - ArrayList capacity increased from 366 to 549 	 in 700 ns
2025-03-25 22:32:22 - ArrayList capacity increased from 549 to 823 	 in 1100 ns
2025-03-25 22:32:22 - ArrayList capacity increased from 823 to 1234 	 in 2700 ns
2025-03-25 22:32:22 - ArrayList: add, ID = 950, 100 ns
2025-03-25 22:32:22 - ArrayList: add, ID = 951, 700 ns
2025-03-25 22:32:22 - ArrayList: add, ID = 952, 400 ns
2025-03-25 22:32:22 - ArrayList: add, ID = 953, 500 ns
2025-03-25 22:32:22 - ArrayList: add, ID = 954, 1000 ns
2025-03-25 22:32:22 - ArrayList: add, ID = 955, 500 ns
2025-03-25 22:32:22 - ArrayList: add, ID = 956, 600 ns
2025-03-25 22:32:22 - ArrayList: add, ID = 957, 600 ns
2025-03-25 22:32:22 - ArrayList: add, ID = 958, 400 ns
2025-03-25 22:32:22 - ArrayList: add, ID = 959, 400 ns
2025-03-25 22:32:22 - ArrayList: add, ID = 960, 500 ns
2025-03-25 22:32:22 - ArrayList: add, ID = 961, 400 ns
2025-03-25 22:32:22 - ArrayList: add, ID = 962, 500 ns
2025-03-25 22:32:22 - ArrayList: add, ID = 963, 500 ns
2025-03-25 22:32:22 - ArrayList: add, ID = 964, 300 ns
2025-03-25 22:32:22 - ArrayList: add, ID = 965, 300 ns
2025-03-25 22:32:22 - ArrayList: add, ID = 966, 300 ns
2025-03-25 22:32:22 - ArrayList: add, ID = 967, 900 ns
2025-03-25 22:32:22 - ArrayList: add, ID = 968, 300 ns
2025-03-25 22:32:22 - ArrayList: add, ID = 969, 400 ns
2025-03-25 22:32:22 - ArrayList: add, ID = 970, 700 ns
2025-03-25 22:32:22 - ArrayList: add, ID = 971, 400 ns
2025-03-25 22:32:22 - ArrayList: add, ID = 972, 300 ns
2025-03-25 22:32:22 - ArrayList: add, ID = 973, 700 ns
2025-03-25 22:32:22 - ArrayList: add, ID = 974, 800 ns
2025-03-25 22:32:22 - ArrayList: add, ID = 975, 1600 ns
2025-03-25 22:32:22 - ArrayList: add, ID = 976, 800 ns
2025-03-25 22:32:22 - ArrayList: add, ID = 977, 300 ns
2025-03-25 22:32:22 - ArrayList: add, ID = 978, 400 ns
2025-03-25 22:32:22 - ArrayList: add, ID = 979, 300 ns
2025-03-25 22:32:22 - ArrayList: add, ID = 980, 400 ns
2025-03-25 22:32:22 - ArrayList: add, ID = 981, 300 ns
2025-03-25 22:32:22 - ArrayList: add, ID = 982, 300 ns
2025-03-25 22:32:22 - ArrayList: add, ID = 983, 300 ns
2025-03-25 22:32:22 - ArrayList: add, ID = 984, 400 ns
2025-03-25 22:32:22 - ArrayList: add, ID = 985, 400 ns
2025-03-25 22:32:22 - ArrayList: add, ID = 986, 400 ns
2025-03-25 22:32:22 - ArrayList: add, ID = 987, 400 ns
2025-03-25 22:32:22 - ArrayList: add, ID = 988, 300 ns
2025-03-25 22:32:22 - ArrayList: add, ID = 989, 400 ns
2025-03-25 22:32:22 - ArrayList: add, ID = 990, 300 ns
2025-03-25 22:32:22 - ArrayList: add, ID = 991, 300 ns
2025-03-25 22:32:22 - ArrayList: add, ID = 992, 400 ns
2025-03-25 22:32:22 - ArrayList: add, ID = 993, 400 ns
2025-03-25 22:32:22 - ArrayList: add, ID = 994, 400 ns
2025-03-25 22:32:22 - ArrayList: add, ID = 995, 300 ns
2025-03-25 22:32:22 - ArrayList: add, ID = 996, 400 ns
2025-03-25 22:32:22 - ArrayList: add, ID = 997, 400 ns
2025-03-25 22:32:22 - ArrayList: add, ID = 998, 300 ns
2025-03-25 22:32:22 - ArrayList: add, ID = 999, 300 ns
2025-03-25 22:32:22 - ArrayList: remove, ID = 563, 4600 ns
2025-03-25 22:32:22 - ArrayList: remove, ID = 577, 1700 ns
2025-03-25 22:32:22 - ArrayList: remove, ID = 651, 1800 ns
2025-03-25 22:32:22 - ArrayList: remove, ID = 651, 2000 ns
2025-03-25 22:32:22 - ArrayList: remove, ID = 761, 1700 ns
2025-03-25 22:32:22 - ArrayList: remove, ID = 48, 2500 ns
2025-03-25 22:32:22 - ArrayList: remove, ID = 254, 1800 ns
2025-03-25 22:32:22 - ArrayList: remove, ID = 231, 2100 ns
2025-03-25 22:32:22 - ArrayList: remove, ID = 830, 2000 ns
2025-03-25 22:32:22 - ArrayList: remove, ID = 889, 3900 ns
2025-03-25 22:32:22 - ArrayList: remove, ID = 93, 5600 ns
2025-03-25 22:32:22 - ArrayList: remove, ID = 719, 2900 ns
2025-03-25 22:32:22 - ArrayList: remove, ID = 157, 2600 ns
2025-03-25 22:32:22 - ArrayList: remove, ID = 120, 3200 ns
2025-03-25 22:32:22 - ArrayList: remove, ID = 928, 1900 ns
2025-03-25 22:32:22 - ArrayList: remove, ID = 235, 2400 ns
2025-03-25 22:32:22 - ArrayList: remove, ID = 176, 2500 ns
2025-03-25 22:32:22 - ArrayList: remove, ID = 732, 2100 ns
2025-03-25 22:32:22 - ArrayList: remove, ID = 564, 2300 ns
2025-03-25 22:32:22 - ArrayList: remove, ID = 591, 2000 ns
2025-03-25 22:32:22 - ArrayList: remove, ID = 394, 1900 ns
2025-03-25 22:32:22 - ArrayList: remove, ID = 160, 2100 ns
2025-03-25 22:32:22 - ArrayList: remove, ID = 351, 2000 ns
2025-03-25 22:32:22 - ArrayList: remove, ID = 293, 1900 ns
2025-03-25 22:32:22 - ArrayList: remove, ID = 219, 4100 ns
2025-03-25 22:32:22 - ArrayList: remove, ID = 250, 4400 ns
2025-03-25 22:32:22 - ArrayList: remove, ID = 956, 2600 ns
2025-03-25 22:32:22 - ArrayList: remove, ID = 502, 2100 ns
2025-03-25 22:32:22 - ArrayList: remove, ID = 607, 1900 ns
2025-03-25 22:32:22 - ArrayList: remove, ID = 714, 1700 ns
2025-03-25 22:32:22 - ArrayList: remove, ID = 344, 2100 ns
2025-03-25 22:32:22 - ArrayList: remove, ID = 14, 2200 ns
2025-03-25 22:32:22 - ArrayList: remove, ID = 146, 1900 ns
2025-03-25 22:32:22 - ArrayList: remove, ID = 116, 1800 ns
2025-03-25 22:32:22 - ArrayList: remove, ID = 7, 2700 ns
2025-03-25 22:32:23 - ArrayList: remove, ID = 718, 2800 ns
2025-03-25 22:32:23 - ArrayList: remove, ID = 111, 2200 ns
2025-03-25 22:32:23 - ArrayList: remove, ID = 510, 2200 ns
2025-03-25 22:32:23 - ArrayList: remove, ID = 367, 2200 ns
2025-03-25 22:32:23 - ArrayList: remove, ID = 957, 1500 ns
2025-03-25 22:32:23 - ArrayList: remove, ID = 313, 2400 ns
2025-03-25 22:32:23 - ArrayList: remove, ID = 540, 3500 ns
2025-03-25 22:32:23 - ArrayList: remove, ID = 453, 3200 ns
2025-03-25 22:32:23 - ArrayList: remove, ID = 111, 3100 ns
2025-03-25 22:32:23 - ArrayList: remove, ID = 274, 2000 ns
2025-03-25 22:32:23 - ArrayList: remove, ID = 77, 2000 ns
2025-03-25 22:32:23 - ArrayList: remove, ID = 849, 1600 ns
2025-03-25 22:32:23 - ArrayList: remove, ID = 166, 2200 ns
2025-03-25 22:32:23 - ArrayList: remove, ID = 688, 1600 ns
2025-03-25 22:32:23 - ArrayList: remove, ID = 161, 2400 ns
2025-03-25 22:32:23 - ------------------------------------------------------------------------------
2025-03-25 22:32:23 - ArrayList Summary:
2025-03-25 22:32:23 - ------------------------------------------------------------------------------
2025-03-25 22:32:23 - add	TotalCount = 1000
2025-03-25 22:32:23 - 		TotalTime = 173100 ns
2025-03-25 22:32:23 - 		MedianTime = 173 ns
2025-03-25 22:32:23 - remove	TotalCount = 100
2025-03-25 22:32:23 - 		TotalTime = 168000 ns
2025-03-25 22:32:23 - 		MedianTime = 1680 ns
2025-03-25 22:32:23 - ------------------------------------------------------------------------------
2025-03-25 22:32:23 - HashMap: put, ID = 0, 6100 ns
2025-03-25 22:32:23 - HashMap: put, ID = 1, 1700 ns
2025-03-25 22:32:23 - HashMap: put, ID = 2, 1100 ns
2025-03-25 22:32:23 - HashMap: put, ID = 3, 1000 ns
2025-03-25 22:32:23 - HashMap: put, ID = 4, 1000 ns
2025-03-25 22:32:23 - HashMap: put, ID = 5, 1000 ns
2025-03-25 22:32:23 - HashMap: put, ID = 6, 1100 ns
2025-03-25 22:32:23 - HashMap: put, ID = 7, 1300 ns
2025-03-25 22:32:23 - HashMap: put, ID = 8, 1500 ns
2025-03-25 22:32:23 - HashMap: put, ID = 9, 1100 ns
2025-03-25 22:32:23 - HashMap: put, ID = 10, 1100 ns
2025-03-25 22:32:23 - HashMap: put, ID = 11, 1100 ns
2025-03-25 22:32:23 - HashMap: put, ID = 12, 2500 ns
2025-03-25 22:32:23 - HashMap: put, ID = 13, 1400 ns
2025-03-25 22:32:23 - HashMap: put, ID = 14, 1100 ns
2025-03-25 22:32:23 - HashMap: put, ID = 15, 1100 ns
2025-03-25 22:32:23 - HashMap: put, ID = 16, 1700 ns
2025-03-25 22:32:23 - HashMap: put, ID = 17, 3800 ns
2025-03-25 22:32:23 - HashMap: put, ID = 18, 4900 ns
2025-03-25 22:32:23 - HashMap: put, ID = 19, 2700 ns
2025-03-25 22:32:23 - HashMap: put, ID = 20, 2400 ns
2025-03-25 22:32:23 - HashMap: put, ID = 21, 1800 ns
2025-03-25 22:32:23 - HashMap: put, ID = 22, 1400 ns
2025-03-25 22:32:23 - HashMap: put, ID = 23, 1600 ns
2025-03-25 22:32:23 - HashMap: put, ID = 24, 8600 ns
2025-03-25 22:32:23 - HashMap: put, ID = 25, 1600 ns
2025-03-25 22:32:23 - HashMap: put, ID = 26, 1400 ns
2025-03-25 22:32:23 - HashMap: put, ID = 27, 32600 ns
2025-03-25 22:32:23 - HashMap: put, ID = 28, 10200 ns
2025-03-25 22:32:23 - HashMap: put, ID = 29, 5700 ns
2025-03-25 22:32:23 - HashMap: put, ID = 30, 2000 ns
2025-03-25 22:32:23 - HashMap: put, ID = 31, 3600 ns
2025-03-25 22:32:23 - HashMap: put, ID = 32, 7600 ns
2025-03-25 22:32:23 - HashMap: put, ID = 33, 9700 ns
2025-03-25 22:32:23 - HashMap: put, ID = 34, 7000 ns
2025-03-25 22:32:23 - HashMap: put, ID = 35, 7800 ns
2025-03-25 22:32:23 - HashMap: put, ID = 36, 5900 ns
2025-03-25 22:32:23 - HashMap: put, ID = 37, 2100 ns
2025-03-25 22:32:23 - HashMap: put, ID = 38, 1700 ns
2025-03-25 22:32:23 - HashMap: put, ID = 39, 1300 ns
2025-03-25 22:32:23 - HashMap: put, ID = 40, 1200 ns
2025-03-25 22:32:23 - HashMap: put, ID = 41, 900 ns
2025-03-25 22:32:23 - HashMap: put, ID = 42, 1200 ns
2025-03-25 22:32:23 - HashMap: put, ID = 43, 1100 ns
2025-03-25 22:32:23 - HashMap: put, ID = 44, 900 ns
2025-03-25 22:32:23 - HashMap: put, ID = 45, 900 ns
2025-03-25 22:32:23 - HashMap: put, ID = 46, 1000 ns
2025-03-25 22:32:23 - HashMap: put, ID = 47, 900 ns
2025-03-25 22:32:23 - HashMap: put, ID = 48, 4500 ns
2025-03-25 22:32:23 - HashMap: put, ID = 49, 800 ns
2025-03-25 22:32:23 - HashMap: put, ID = 950, 200 ns
2025-03-25 22:32:23 - HashMap: put, ID = 951, 800 ns
2025-03-25 22:32:23 - HashMap: put, ID = 952, 800 ns
2025-03-25 22:32:23 - HashMap: put, ID = 953, 1000 ns
2025-03-25 22:32:23 - HashMap: put, ID = 954, 700 ns
2025-03-25 22:32:23 - HashMap: put, ID = 955, 800 ns
2025-03-25 22:32:23 - HashMap: put, ID = 956, 600 ns
2025-03-25 22:32:23 - HashMap: put, ID = 957, 600 ns
2025-03-25 22:32:23 - HashMap: put, ID = 958, 600 ns
2025-03-25 22:32:23 - HashMap: put, ID = 959, 800 ns
2025-03-25 22:32:23 - HashMap: put, ID = 960, 800 ns
2025-03-25 22:32:23 - HashMap: put, ID = 961, 1000 ns
2025-03-25 22:32:23 - HashMap: put, ID = 962, 700 ns
2025-03-25 22:32:23 - HashMap: put, ID = 963, 1000 ns
2025-03-25 22:32:23 - HashMap: put, ID = 964, 1700 ns
2025-03-25 22:32:23 - HashMap: put, ID = 965, 900 ns
2025-03-25 22:32:23 - HashMap: put, ID = 966, 900 ns
2025-03-25 22:32:23 - HashMap: put, ID = 967, 900 ns
2025-03-25 22:32:23 - HashMap: put, ID = 968, 1200 ns
2025-03-25 22:32:23 - HashMap: put, ID = 969, 800 ns
2025-03-25 22:32:23 - HashMap: put, ID = 970, 2800 ns
2025-03-25 22:32:23 - HashMap: put, ID = 971, 900 ns
2025-03-25 22:32:23 - HashMap: put, ID = 972, 2300 ns
2025-03-25 22:32:23 - HashMap: put, ID = 973, 1000 ns
2025-03-25 22:32:23 - HashMap: put, ID = 974, 900 ns
2025-03-25 22:32:23 - HashMap: put, ID = 975, 3400 ns
2025-03-25 22:32:23 - HashMap: put, ID = 976, 3100 ns
2025-03-25 22:32:23 - HashMap: put, ID = 977, 4500 ns
2025-03-25 22:32:23 - HashMap: put, ID = 978, 3100 ns
2025-03-25 22:32:23 - HashMap: put, ID = 979, 2100 ns
2025-03-25 22:32:23 - HashMap: put, ID = 980, 2100 ns
2025-03-25 22:32:23 - HashMap: put, ID = 981, 1100 ns
2025-03-25 22:32:23 - HashMap: put, ID = 982, 1000 ns
2025-03-25 22:32:23 - HashMap: put, ID = 983, 800 ns
2025-03-25 22:32:23 - HashMap: put, ID = 984, 600 ns
2025-03-25 22:32:23 - HashMap: put, ID = 985, 700 ns
2025-03-25 22:32:23 - HashMap: put, ID = 986, 600 ns
2025-03-25 22:32:23 - HashMap: put, ID = 987, 4200 ns
2025-03-25 22:32:23 - HashMap: put, ID = 988, 600 ns
2025-03-25 22:32:23 - HashMap: put, ID = 989, 600 ns
2025-03-25 22:32:23 - HashMap: put, ID = 990, 600 ns
2025-03-25 22:32:23 - HashMap: put, ID = 991, 600 ns
2025-03-25 22:32:23 - HashMap: put, ID = 992, 600 ns
2025-03-25 22:32:23 - HashMap: put, ID = 993, 600 ns
2025-03-25 22:32:23 - HashMap: put, ID = 994, 800 ns
2025-03-25 22:32:23 - HashMap: put, ID = 995, 600 ns
2025-03-25 22:32:23 - HashMap: put, ID = 996, 600 ns
2025-03-25 22:32:23 - HashMap: put, ID = 997, 700 ns
2025-03-25 22:32:23 - HashMap: put, ID = 998, 600 ns
2025-03-25 22:32:23 - HashMap: put, ID = 999, 600 ns
2025-03-25 22:32:23 - HashMap: remove, ID = 83, 5300 ns
2025-03-25 22:32:23 - HashMap: remove, ID = 825, 3700 ns
2025-03-25 22:32:23 - HashMap: remove, ID = 777, 2300 ns
2025-03-25 22:32:23 - HashMap: remove, ID = 385, 2600 ns
2025-03-25 22:32:23 - HashMap: remove, ID = 677, 2600 ns
2025-03-25 22:32:23 - HashMap: remove, ID = 299, 3100 ns
2025-03-25 22:32:23 - HashMap: remove, ID = 749, 3700 ns
2025-03-25 22:32:23 - HashMap: remove, ID = 339, 7700 ns
2025-03-25 22:32:23 - HashMap: remove, ID = 995, 4900 ns
2025-03-25 22:32:23 - HashMap: remove, ID = 24, 3100 ns
2025-03-25 22:32:23 - HashMap: remove, ID = 563, 2500 ns
2025-03-25 22:32:23 - HashMap: remove, ID = 78, 2800 ns
2025-03-25 22:32:23 - HashMap: remove, ID = 536, 3100 ns
2025-03-25 22:32:23 - HashMap: remove, ID = 141, 2500 ns
2025-03-25 22:32:23 - HashMap: remove, ID = 842, 7700 ns
2025-03-25 22:32:23 - HashMap: remove, ID = 303, 6700 ns
2025-03-25 22:32:23 - HashMap: remove, ID = 161, 5600 ns
2025-03-25 22:32:23 - HashMap: remove, ID = 249, 4100 ns
2025-03-25 22:32:23 - HashMap: remove, ID = 448, 4900 ns
2025-03-25 22:32:23 - HashMap: remove, ID = 589, 4700 ns
2025-03-25 22:32:23 - HashMap: remove, ID = 924, 3300 ns
2025-03-25 22:32:23 - HashMap: remove, ID = 538, 2200 ns
2025-03-25 22:32:23 - HashMap: remove, ID = 870, 2900 ns
2025-03-25 22:32:23 - HashMap: remove, ID = 133, 2600 ns
2025-03-25 22:32:23 - HashMap: remove, ID = 584, 2900 ns
2025-03-25 22:32:23 - HashMap: remove, ID = 477, 2700 ns
2025-03-25 22:32:23 - HashMap: remove, ID = 944, 2800 ns
2025-03-25 22:32:23 - HashMap: remove, ID = 245, 2200 ns
2025-03-25 22:32:23 - HashMap: remove, ID = 268, 2800 ns
2025-03-25 22:32:23 - HashMap: remove, ID = 382, 2900 ns
2025-03-25 22:32:23 - HashMap: remove, ID = 938, 2000 ns
2025-03-25 22:32:23 - HashMap: remove, ID = 902, 2100 ns
2025-03-25 22:32:23 - HashMap: remove, ID = 772, 2100 ns
2025-03-25 22:32:23 - HashMap: remove, ID = 648, 2300 ns
2025-03-25 22:32:23 - HashMap: remove, ID = 214, 2200 ns
2025-03-25 22:32:23 - HashMap: remove, ID = 339, 1300 ns
2025-03-25 22:32:23 - HashMap: remove, ID = 53, 2300 ns
2025-03-25 22:32:23 - HashMap: remove, ID = 57, 1900 ns
2025-03-25 22:32:23 - HashMap: remove, ID = 123, 1900 ns
2025-03-25 22:32:23 - HashMap: remove, ID = 192, 2600 ns
2025-03-25 22:32:23 - HashMap: remove, ID = 826, 1900 ns
2025-03-25 22:32:23 - HashMap: remove, ID = 797, 1900 ns
2025-03-25 22:32:23 - HashMap: remove, ID = 103, 1900 ns
2025-03-25 22:32:23 - HashMap: remove, ID = 9, 1900 ns
2025-03-25 22:32:23 - HashMap: remove, ID = 63, 1600 ns
2025-03-25 22:32:23 - HashMap: remove, ID = 750, 2200 ns
2025-03-25 22:32:23 - HashMap: remove, ID = 732, 2100 ns
2025-03-25 22:32:23 - HashMap: remove, ID = 433, 2200 ns
2025-03-25 22:32:23 - HashMap: remove, ID = 619, 2000 ns
2025-03-25 22:32:23 - HashMap: remove, ID = 5, 3000 ns
2025-03-25 22:32:23 - ------------------------------------------------------------------------------
2025-03-25 22:32:23 - HashMap Summary:
2025-03-25 22:32:23 - ------------------------------------------------------------------------------
2025-03-25 22:32:23 - put	TotalCount = 1000
2025-03-25 22:32:23 - 		TotalTime = 526900 ns
2025-03-25 22:32:23 - 		MedianTime = 526 ns
2025-03-25 22:32:23 - remove	TotalCount = 100
2025-03-25 22:32:23 - 		TotalTime = 209600 ns
2025-03-25 22:32:23 - 		MedianTime = 2096 ns
2025-03-25 22:32:23 - ------------------------------------------------------------------------------
2025-03-25 22:32:23 - ------------------------------------------------------------------------------
2025-03-25 22:32:23 - Testing with size: 10000
2025-03-25 22:32:23 - ------------------------------------------------------------------------------
2025-03-25 22:32:23 - ArrayList: add, ID = 0, 1100 ns
2025-03-25 22:32:23 - ArrayList capacity increased from 0 to 10 	 in 1100 ns
2025-03-25 22:32:23 - ArrayList: add, ID = 1, 700 ns
2025-03-25 22:32:23 - ArrayList: add, ID = 2, 300 ns
2025-03-25 22:32:23 - ArrayList: add, ID = 3, 200 ns
2025-03-25 22:32:23 - ArrayList: add, ID = 4, 400 ns
2025-03-25 22:32:23 - ArrayList: add, ID = 5, 300 ns
2025-03-25 22:32:23 - ArrayList: add, ID = 6, 900 ns
2025-03-25 22:32:23 - ArrayList: add, ID = 7, 800 ns
2025-03-25 22:32:23 - ArrayList: add, ID = 8, 1200 ns
2025-03-25 22:32:23 - ArrayList: add, ID = 9, 300 ns
2025-03-25 22:32:23 - ArrayList: add, ID = 10, 4700 ns
2025-03-25 22:32:23 - ArrayList capacity increased from 10 to 15 	 in 4400 ns
2025-03-25 22:32:23 - ArrayList: add, ID = 11, 300 ns
2025-03-25 22:32:23 - ArrayList: add, ID = 12, 300 ns
2025-03-25 22:32:23 - ArrayList: add, ID = 13, 200 ns
2025-03-25 22:32:23 - ArrayList: add, ID = 14, 200 ns
2025-03-25 22:32:23 - ArrayList: add, ID = 15, 1400 ns
2025-03-25 22:32:23 - ArrayList capacity increased from 15 to 22 	 in 1200 ns
2025-03-25 22:32:23 - ArrayList: add, ID = 16, 500 ns
2025-03-25 22:32:23 - ArrayList: add, ID = 17, 200 ns
2025-03-25 22:32:23 - ArrayList: add, ID = 18, 200 ns
2025-03-25 22:32:23 - ArrayList: add, ID = 19, 400 ns
2025-03-25 22:32:23 - ArrayList: add, ID = 20, 300 ns
2025-03-25 22:32:23 - ArrayList: add, ID = 21, 300 ns
2025-03-25 22:32:23 - ArrayList: add, ID = 22, 700 ns
2025-03-25 22:32:23 - ArrayList capacity increased from 22 to 33 	 in 400 ns
2025-03-25 22:32:23 - ArrayList: add, ID = 23, 300 ns
2025-03-25 22:32:23 - ArrayList: add, ID = 24, 200 ns
2025-03-25 22:32:23 - ArrayList: add, ID = 25, 300 ns
2025-03-25 22:32:23 - ArrayList: add, ID = 26, 200 ns
2025-03-25 22:32:23 - ArrayList: add, ID = 27, 300 ns
2025-03-25 22:32:23 - ArrayList: add, ID = 28, 300 ns
2025-03-25 22:32:23 - ArrayList: add, ID = 29, 300 ns
2025-03-25 22:32:23 - ArrayList: add, ID = 30, 200 ns
2025-03-25 22:32:23 - ArrayList: add, ID = 31, 300 ns
2025-03-25 22:32:23 - ArrayList: add, ID = 32, 200 ns
2025-03-25 22:32:23 - ArrayList: add, ID = 33, 500 ns
2025-03-25 22:32:23 - ArrayList capacity increased from 33 to 49 	 in 300 ns
2025-03-25 22:32:23 - ArrayList: add, ID = 34, 300 ns
2025-03-25 22:32:23 - ArrayList: add, ID = 35, 300 ns
2025-03-25 22:32:23 - ArrayList: add, ID = 36, 300 ns
2025-03-25 22:32:23 - ArrayList: add, ID = 37, 200 ns
2025-03-25 22:32:23 - ArrayList: add, ID = 38, 300 ns
2025-03-25 22:32:23 - ArrayList: add, ID = 39, 200 ns
2025-03-25 22:32:23 - ArrayList: add, ID = 40, 300 ns
2025-03-25 22:32:23 - ArrayList: add, ID = 41, 300 ns
2025-03-25 22:32:23 - ArrayList: add, ID = 42, 300 ns
2025-03-25 22:32:23 - ArrayList: add, ID = 43, 200 ns
2025-03-25 22:32:23 - ArrayList: add, ID = 44, 300 ns
2025-03-25 22:32:23 - ArrayList: add, ID = 45, 300 ns
2025-03-25 22:32:23 - ArrayList: add, ID = 46, 300 ns
2025-03-25 22:32:23 - ArrayList: add, ID = 47, 200 ns
2025-03-25 22:32:23 - ArrayList: add, ID = 48, 300 ns
2025-03-25 22:32:23 - ArrayList: add, ID = 49, 400 ns
2025-03-25 22:32:23 - ArrayList capacity increased from 49 to 73 	 in 100 ns
2025-03-25 22:32:23 - ArrayList capacity increased from 73 to 109 	 in 200 ns
2025-03-25 22:32:23 - ArrayList capacity increased from 109 to 163 	 in 200 ns
2025-03-25 22:32:23 - ArrayList capacity increased from 163 to 244 	 in 200 ns
2025-03-25 22:32:23 - ArrayList capacity increased from 244 to 366 	 in 200 ns
2025-03-25 22:32:23 - ArrayList capacity increased from 366 to 549 	 in 2400 ns
2025-03-25 22:32:23 - ArrayList capacity increased from 549 to 823 	 in 2500 ns
2025-03-25 22:32:23 - ArrayList capacity increased from 823 to 1234 	 in 7600 ns
2025-03-25 22:32:23 - ArrayList capacity increased from 1234 to 1851 	 in 16800 ns
2025-03-25 22:32:23 - ArrayList capacity increased from 1851 to 2776 	 in 5000 ns
2025-03-25 22:32:23 - ArrayList capacity increased from 2776 to 4164 	 in 7400 ns
2025-03-25 22:32:23 - ArrayList capacity increased from 4164 to 6246 	 in 10500 ns
2025-03-25 22:32:23 - ArrayList capacity increased from 6246 to 9369 	 in 14400 ns
2025-03-25 22:32:23 - ArrayList capacity increased from 9369 to 14053 	 in 40400 ns
2025-03-25 22:32:23 - ArrayList: add, ID = 9950, 400 ns
2025-03-25 22:32:23 - ArrayList: add, ID = 9951, 600 ns
2025-03-25 22:32:23 - ArrayList: add, ID = 9952, 300 ns
2025-03-25 22:32:23 - ArrayList: add, ID = 9953, 200 ns
2025-03-25 22:32:23 - ArrayList: add, ID = 9954, 400 ns
2025-03-25 22:32:23 - ArrayList: add, ID = 9955, 300 ns
2025-03-25 22:32:23 - ArrayList: add, ID = 9956, 300 ns
2025-03-25 22:32:23 - ArrayList: add, ID = 9957, 200 ns
2025-03-25 22:32:23 - ArrayList: add, ID = 9958, 600 ns
2025-03-25 22:32:23 - ArrayList: add, ID = 9959, 300 ns
2025-03-25 22:32:23 - ArrayList: add, ID = 9960, 200 ns
2025-03-25 22:32:23 - ArrayList: add, ID = 9961, 300 ns
2025-03-25 22:32:23 - ArrayList: add, ID = 9962, 400 ns
2025-03-25 22:32:23 - ArrayList: add, ID = 9963, 300 ns
2025-03-25 22:32:23 - ArrayList: add, ID = 9964, 200 ns
2025-03-25 22:32:23 - ArrayList: add, ID = 9965, 200 ns
2025-03-25 22:32:23 - ArrayList: add, ID = 9966, 300 ns
2025-03-25 22:32:23 - ArrayList: add, ID = 9967, 300 ns
2025-03-25 22:32:23 - ArrayList: add, ID = 9968, 300 ns
2025-03-25 22:32:23 - ArrayList: add, ID = 9969, 600 ns
2025-03-25 22:32:23 - ArrayList: add, ID = 9970, 500 ns
2025-03-25 22:32:23 - ArrayList: add, ID = 9971, 400 ns
2025-03-25 22:32:23 - ArrayList: add, ID = 9972, 300 ns
2025-03-25 22:32:23 - ArrayList: add, ID = 9973, 300 ns
2025-03-25 22:32:23 - ArrayList: add, ID = 9974, 300 ns
2025-03-25 22:32:23 - ArrayList: add, ID = 9975, 400 ns
2025-03-25 22:32:23 - ArrayList: add, ID = 9976, 300 ns
2025-03-25 22:32:23 - ArrayList: add, ID = 9977, 300 ns
2025-03-25 22:32:23 - ArrayList: add, ID = 9978, 400 ns
2025-03-25 22:32:23 - ArrayList: add, ID = 9979, 300 ns
2025-03-25 22:32:23 - ArrayList: add, ID = 9980, 200 ns
2025-03-25 22:32:23 - ArrayList: add, ID = 9981, 300 ns
2025-03-25 22:32:23 - ArrayList: add, ID = 9982, 200 ns
2025-03-25 22:32:23 - ArrayList: add, ID = 9983, 300 ns
2025-03-25 22:32:23 - ArrayList: add, ID = 9984, 300 ns
2025-03-25 22:32:23 - ArrayList: add, ID = 9985, 200 ns
2025-03-25 22:32:23 - ArrayList: add, ID = 9986, 200 ns
2025-03-25 22:32:23 - ArrayList: add, ID = 9987, 200 ns
2025-03-25 22:32:23 - ArrayList: add, ID = 9988, 400 ns
2025-03-25 22:32:23 - ArrayList: add, ID = 9989, 1200 ns
2025-03-25 22:32:23 - ArrayList: add, ID = 9990, 2500 ns
2025-03-25 22:32:23 - ArrayList: add, ID = 9991, 1000 ns
2025-03-25 22:32:23 - ArrayList: add, ID = 9992, 400 ns
2025-03-25 22:32:23 - ArrayList: add, ID = 9993, 300 ns
2025-03-25 22:32:23 - ArrayList: add, ID = 9994, 300 ns
2025-03-25 22:32:23 - ArrayList: add, ID = 9995, 400 ns
2025-03-25 22:32:23 - ArrayList: add, ID = 9996, 200 ns
2025-03-25 22:32:23 - ArrayList: add, ID = 9997, 800 ns
2025-03-25 22:32:23 - ArrayList: add, ID = 9998, 2500 ns
2025-03-25 22:32:23 - ArrayList: add, ID = 9999, 2200 ns
2025-03-25 22:32:23 - ArrayList: remove, ID = 5100, 15600 ns
2025-03-25 22:32:23 - ArrayList: remove, ID = 1124, 9500 ns
2025-03-25 22:32:23 - ArrayList: remove, ID = 7687, 4900 ns
2025-03-25 22:32:23 - ArrayList: remove, ID = 3886, 15300 ns
2025-03-25 22:32:23 - ArrayList: remove, ID = 9276, 3900 ns
2025-03-25 22:32:23 - ArrayList: remove, ID = 7107, 4600 ns
2025-03-25 22:32:23 - ArrayList: remove, ID = 900, 10600 ns
2025-03-25 22:32:23 - ArrayList: remove, ID = 1629, 8000 ns
2025-03-25 22:32:23 - ArrayList: remove, ID = 6384, 4500 ns
2025-03-25 22:32:23 - ArrayList: remove, ID = 5594, 7500 ns
2025-03-25 22:32:23 - ArrayList: remove, ID = 4255, 7200 ns
2025-03-25 22:32:23 - ArrayList: remove, ID = 265, 30200 ns
2025-03-25 22:32:23 - ArrayList: remove, ID = 4645, 10200 ns
2025-03-25 22:32:23 - ArrayList: remove, ID = 2610, 14400 ns
2025-03-25 22:32:23 - ArrayList: remove, ID = 8950, 8100 ns
2025-03-25 22:32:23 - ArrayList: remove, ID = 5852, 7200 ns
2025-03-25 22:32:23 - ArrayList: remove, ID = 6173, 10600 ns
2025-03-25 22:32:23 - ArrayList: remove, ID = 6191, 8600 ns
2025-03-25 22:32:23 - ArrayList: remove, ID = 301, 22500 ns
2025-03-25 22:32:23 - ArrayList: remove, ID = 2517, 7700 ns
2025-03-25 22:32:23 - ArrayList: remove, ID = 8063, 2600 ns
2025-03-25 22:32:23 - ArrayList: remove, ID = 8920, 3300 ns
2025-03-25 22:32:23 - ArrayList: remove, ID = 6068, 5400 ns
2025-03-25 22:32:23 - ArrayList: remove, ID = 7524, 5900 ns
2025-03-25 22:32:23 - ArrayList: remove, ID = 4488, 7500 ns
2025-03-25 22:32:23 - ArrayList: remove, ID = 8314, 2900 ns
2025-03-25 22:32:23 - ArrayList: remove, ID = 5161, 4400 ns
2025-03-25 22:32:23 - ArrayList: remove, ID = 4061, 5500 ns
2025-03-25 22:32:23 - ArrayList: remove, ID = 6774, 5600 ns
2025-03-25 22:32:23 - ArrayList: remove, ID = 6257, 7600 ns
2025-03-25 22:32:23 - ArrayList: remove, ID = 4357, 7700 ns
2025-03-25 22:32:23 - ArrayList: remove, ID = 7859, 4800 ns
2025-03-25 22:32:23 - ArrayList: remove, ID = 5076, 7200 ns
2025-03-25 22:32:23 - ArrayList: remove, ID = 6310, 4600 ns
2025-03-25 22:32:23 - ArrayList: remove, ID = 1981, 8600 ns
2025-03-25 22:32:23 - ArrayList: remove, ID = 1349, 8700 ns
2025-03-25 22:32:23 - ArrayList: remove, ID = 4197, 6300 ns
2025-03-25 22:32:23 - ArrayList: remove, ID = 7589, 4300 ns
2025-03-25 22:32:23 - ArrayList: remove, ID = 6732, 4100 ns
2025-03-25 22:32:23 - ArrayList: remove, ID = 6578, 4600 ns
2025-03-25 22:32:23 - ArrayList: remove, ID = 2546, 7600 ns
2025-03-25 22:32:23 - ArrayList: remove, ID = 5557, 5600 ns
2025-03-25 22:32:23 - ArrayList: remove, ID = 920, 8900 ns
2025-03-25 22:32:23 - ArrayList: remove, ID = 2053, 7600 ns
2025-03-25 22:32:23 - ArrayList: remove, ID = 5799, 5300 ns
2025-03-25 22:32:23 - ArrayList: remove, ID = 6184, 10900 ns
2025-03-25 22:32:23 - ArrayList: remove, ID = 458, 16900 ns
2025-03-25 22:32:23 - ArrayList: remove, ID = 3841, 14100 ns
2025-03-25 22:32:23 - ArrayList: remove, ID = 482, 9800 ns
2025-03-25 22:32:23 - ArrayList: remove, ID = 5386, 6500 ns
2025-03-25 22:32:23 - ------------------------------------------------------------------------------
2025-03-25 22:32:23 - ArrayList Summary:
2025-03-25 22:32:23 - ------------------------------------------------------------------------------
2025-03-25 22:32:23 - add	TotalCount = 10000
2025-03-25 22:32:23 - 		TotalTime = 1149400 ns
2025-03-25 22:32:23 - 		MedianTime = 114 ns
2025-03-25 22:32:23 - remove	TotalCount = 1000
2025-03-25 22:32:23 - 		TotalTime = 1948500 ns
2025-03-25 22:32:23 - 		MedianTime = 1948 ns
2025-03-25 22:32:23 - ------------------------------------------------------------------------------
2025-03-25 22:32:23 - HashMap: put, ID = 0, 6600 ns
2025-03-25 22:32:23 - HashMap: put, ID = 1, 1600 ns
2025-03-25 22:32:23 - HashMap: put, ID = 2, 1000 ns
2025-03-25 22:32:23 - HashMap: put, ID = 3, 1000 ns
2025-03-25 22:32:23 - HashMap: put, ID = 4, 700 ns
2025-03-25 22:32:23 - HashMap: put, ID = 5, 900 ns
2025-03-25 22:32:23 - HashMap: put, ID = 6, 900 ns
2025-03-25 22:32:23 - HashMap: put, ID = 7, 1000 ns
2025-03-25 22:32:23 - HashMap: put, ID = 8, 1200 ns
2025-03-25 22:32:23 - HashMap: put, ID = 9, 1400 ns
2025-03-25 22:32:23 - HashMap: put, ID = 10, 1400 ns
2025-03-25 22:32:23 - HashMap: put, ID = 11, 1800 ns
2025-03-25 22:32:23 - HashMap: put, ID = 12, 6200 ns
2025-03-25 22:32:23 - HashMap: put, ID = 13, 5100 ns
2025-03-25 22:32:23 - HashMap: put, ID = 14, 3100 ns
2025-03-25 22:32:23 - HashMap: put, ID = 15, 1100 ns
2025-03-25 22:32:23 - HashMap: put, ID = 16, 1200 ns
2025-03-25 22:32:23 - HashMap: put, ID = 17, 1000 ns
2025-03-25 22:32:23 - HashMap: put, ID = 18, 1600 ns
2025-03-25 22:32:23 - HashMap: put, ID = 19, 2100 ns
2025-03-25 22:32:23 - HashMap: put, ID = 20, 2400 ns
2025-03-25 22:32:23 - HashMap: put, ID = 21, 3600 ns
2025-03-25 22:32:23 - HashMap: put, ID = 22, 4000 ns
2025-03-25 22:32:23 - HashMap: put, ID = 23, 5500 ns
2025-03-25 22:32:23 - HashMap: put, ID = 24, 13200 ns
2025-03-25 22:32:23 - HashMap: put, ID = 25, 4100 ns
2025-03-25 22:32:23 - HashMap: put, ID = 26, 3100 ns
2025-03-25 22:32:23 - HashMap: put, ID = 27, 2100 ns
2025-03-25 22:32:23 - HashMap: put, ID = 28, 1300 ns
2025-03-25 22:32:23 - HashMap: put, ID = 29, 1000 ns
2025-03-25 22:32:23 - HashMap: put, ID = 30, 10000 ns
2025-03-25 22:32:23 - HashMap: put, ID = 31, 4100 ns
2025-03-25 22:32:23 - HashMap: put, ID = 32, 12300 ns
2025-03-25 22:32:23 - HashMap: put, ID = 33, 10000 ns
2025-03-25 22:32:23 - HashMap: put, ID = 34, 11100 ns
2025-03-25 22:32:23 - HashMap: put, ID = 35, 2500 ns
2025-03-25 22:32:23 - HashMap: put, ID = 36, 1200 ns
2025-03-25 22:32:23 - HashMap: put, ID = 37, 1400 ns
2025-03-25 22:32:23 - HashMap: put, ID = 38, 5200 ns
2025-03-25 22:32:23 - HashMap: put, ID = 39, 4500 ns
2025-03-25 22:32:23 - HashMap: put, ID = 40, 3200 ns
2025-03-25 22:32:23 - HashMap: put, ID = 41, 6500 ns
2025-03-25 22:32:23 - HashMap: put, ID = 42, 5600 ns
2025-03-25 22:32:23 - HashMap: put, ID = 43, 2900 ns
2025-03-25 22:32:23 - HashMap: put, ID = 44, 1600 ns
2025-03-25 22:32:23 - HashMap: put, ID = 45, 1800 ns
2025-03-25 22:32:23 - HashMap: put, ID = 46, 1800 ns
2025-03-25 22:32:23 - HashMap: put, ID = 47, 1400 ns
2025-03-25 22:32:23 - HashMap: put, ID = 48, 14000 ns
2025-03-25 22:32:23 - HashMap: put, ID = 49, 1700 ns
2025-03-25 22:32:23 - HashMap: put, ID = 9950, 100 ns
2025-03-25 22:32:23 - HashMap: put, ID = 9951, 3400 ns
2025-03-25 22:32:23 - HashMap: put, ID = 9952, 2300 ns
2025-03-25 22:32:23 - HashMap: put, ID = 9953, 1600 ns
2025-03-25 22:32:23 - HashMap: put, ID = 9954, 1000 ns
2025-03-25 22:32:23 - HashMap: put, ID = 9955, 900 ns
2025-03-25 22:32:23 - HashMap: put, ID = 9956, 800 ns
2025-03-25 22:32:23 - HashMap: put, ID = 9957, 1800 ns
2025-03-25 22:32:23 - HashMap: put, ID = 9958, 1300 ns
2025-03-25 22:32:23 - HashMap: put, ID = 9959, 1100 ns
2025-03-25 22:32:23 - HashMap: put, ID = 9960, 900 ns
2025-03-25 22:32:23 - HashMap: put, ID = 9961, 1600 ns
2025-03-25 22:32:23 - HashMap: put, ID = 9962, 2400 ns
2025-03-25 22:32:23 - HashMap: put, ID = 9963, 2600 ns
2025-03-25 22:32:23 - HashMap: put, ID = 9964, 2900 ns
2025-03-25 22:32:23 - HashMap: put, ID = 9965, 25300 ns
2025-03-25 22:32:23 - HashMap: put, ID = 9966, 1400 ns
2025-03-25 22:32:23 - HashMap: put, ID = 9967, 8400 ns
2025-03-25 22:32:23 - HashMap: put, ID = 9968, 1400 ns
2025-03-25 22:32:23 - HashMap: put, ID = 9969, 2000 ns
2025-03-25 22:32:23 - HashMap: put, ID = 9970, 1100 ns
2025-03-25 22:32:23 - HashMap: put, ID = 9971, 30300 ns
2025-03-25 22:32:23 - HashMap: put, ID = 9972, 10700 ns
2025-03-25 22:32:23 - HashMap: put, ID = 9973, 500 ns
2025-03-25 22:32:23 - HashMap: put, ID = 9974, 500 ns
2025-03-25 22:32:23 - HashMap: put, ID = 9975, 500 ns
2025-03-25 22:32:23 - HashMap: put, ID = 9976, 500 ns
2025-03-25 22:32:23 - HashMap: put, ID = 9977, 400 ns
2025-03-25 22:32:23 - HashMap: put, ID = 9978, 900 ns
2025-03-25 22:32:23 - HashMap: put, ID = 9979, 1000 ns
2025-03-25 22:32:23 - HashMap: put, ID = 9980, 6500 ns
2025-03-25 22:32:23 - HashMap: put, ID = 9981, 1100 ns
2025-03-25 22:32:23 - HashMap: put, ID = 9982, 1200 ns
2025-03-25 22:32:23 - HashMap: put, ID = 9983, 1400 ns
2025-03-25 22:32:23 - HashMap: put, ID = 9984, 1300 ns
2025-03-25 22:32:23 - HashMap: put, ID = 9985, 1000 ns
2025-03-25 22:32:23 - HashMap: put, ID = 9986, 900 ns
2025-03-25 22:32:23 - HashMap: put, ID = 9987, 2100 ns
2025-03-25 22:32:23 - HashMap: put, ID = 9988, 1000 ns
2025-03-25 22:32:23 - HashMap: put, ID = 9989, 900 ns
2025-03-25 22:32:23 - HashMap: put, ID = 9990, 800 ns
2025-03-25 22:32:23 - HashMap: put, ID = 9991, 1800 ns
2025-03-25 22:32:23 - HashMap: put, ID = 9992, 1400 ns
2025-03-25 22:32:23 - HashMap: put, ID = 9993, 1500 ns
2025-03-25 22:32:23 - HashMap: put, ID = 9994, 1300 ns
2025-03-25 22:32:23 - HashMap: put, ID = 9995, 800 ns
2025-03-25 22:32:23 - HashMap: put, ID = 9996, 900 ns
2025-03-25 22:32:23 - HashMap: put, ID = 9997, 800 ns
2025-03-25 22:32:23 - HashMap: put, ID = 9998, 1000 ns
2025-03-25 22:32:23 - HashMap: put, ID = 9999, 900 ns
2025-03-25 22:32:23 - HashMap: remove, ID = 9358, 11600 ns
2025-03-25 22:32:23 - HashMap: remove, ID = 2281, 5500 ns
2025-03-25 22:32:23 - HashMap: remove, ID = 1898, 7200 ns
2025-03-25 22:32:23 - HashMap: remove, ID = 8148, 3700 ns
2025-03-25 22:32:23 - HashMap: remove, ID = 5728, 5300 ns
2025-03-25 22:32:23 - HashMap: remove, ID = 3268, 6100 ns
2025-03-25 22:32:23 - HashMap: remove, ID = 9410, 3700 ns
2025-03-25 22:32:23 - HashMap: remove, ID = 1151, 3100 ns
2025-03-25 22:32:23 - HashMap: remove, ID = 7228, 4900 ns
2025-03-25 22:32:23 - HashMap: remove, ID = 3274, 34000 ns
2025-03-25 22:32:23 - HashMap: remove, ID = 1497, 19000 ns
2025-03-25 22:32:23 - HashMap: remove, ID = 218, 11000 ns
2025-03-25 22:32:23 - HashMap: remove, ID = 5980, 3800 ns
2025-03-25 22:32:23 - HashMap: remove, ID = 234, 6200 ns
2025-03-25 22:32:23 - HashMap: remove, ID = 1706, 4800 ns
2025-03-25 22:32:23 - HashMap: remove, ID = 1054, 4700 ns
2025-03-25 22:32:23 - HashMap: remove, ID = 5231, 19700 ns
2025-03-25 22:32:23 - HashMap: remove, ID = 6049, 7000 ns
2025-03-25 22:32:23 - HashMap: remove, ID = 9948, 8900 ns
2025-03-25 22:32:23 - HashMap: remove, ID = 4183, 5100 ns
2025-03-25 22:32:23 - HashMap: remove, ID = 349, 11700 ns
2025-03-25 22:32:23 - HashMap: remove, ID = 4725, 3900 ns
2025-03-25 22:32:23 - HashMap: remove, ID = 1076, 4000 ns
2025-03-25 22:32:23 - HashMap: remove, ID = 4631, 3500 ns
2025-03-25 22:32:23 - HashMap: remove, ID = 6644, 3100 ns
2025-03-25 22:32:23 - HashMap: remove, ID = 1150, 6700 ns
2025-03-25 22:32:23 - HashMap: remove, ID = 7601, 4400 ns
2025-03-25 22:32:23 - HashMap: remove, ID = 215, 2600 ns
2025-03-25 22:32:23 - HashMap: remove, ID = 5424, 3400 ns
2025-03-25 22:32:23 - HashMap: remove, ID = 689, 3100 ns
2025-03-25 22:32:23 - HashMap: remove, ID = 9093, 3000 ns
2025-03-25 22:32:23 - HashMap: remove, ID = 1435, 2600 ns
2025-03-25 22:32:23 - HashMap: remove, ID = 3866, 4100 ns
2025-03-25 22:32:23 - HashMap: remove, ID = 186, 15500 ns
2025-03-25 22:32:23 - HashMap: remove, ID = 5907, 19300 ns
2025-03-25 22:32:23 - HashMap: remove, ID = 9168, 22500 ns
2025-03-25 22:32:23 - HashMap: remove, ID = 631, 31500 ns
2025-03-25 22:32:23 - HashMap: remove, ID = 5606, 19700 ns
2025-03-25 22:32:23 - HashMap: remove, ID = 1699, 5100 ns
2025-03-25 22:32:23 - HashMap: remove, ID = 7204, 6300 ns
2025-03-25 22:32:23 - HashMap: remove, ID = 8433, 5600 ns
2025-03-25 22:32:23 - HashMap: remove, ID = 5467, 3900 ns
2025-03-25 22:32:23 - HashMap: remove, ID = 8467, 5200 ns
2025-03-25 22:32:23 - HashMap: remove, ID = 5778, 3700 ns
2025-03-25 22:32:23 - HashMap: remove, ID = 3828, 3800 ns
2025-03-25 22:32:23 - HashMap: remove, ID = 1236, 3900 ns
2025-03-25 22:32:23 - HashMap: remove, ID = 5080, 3100 ns
2025-03-25 22:32:23 - HashMap: remove, ID = 6601, 4100 ns
2025-03-25 22:32:23 - HashMap: remove, ID = 4078, 3200 ns
2025-03-25 22:32:23 - HashMap: remove, ID = 1916, 3400 ns
2025-03-25 22:32:23 - ------------------------------------------------------------------------------
2025-03-25 22:32:23 - HashMap Summary:
2025-03-25 22:32:23 - ------------------------------------------------------------------------------
2025-03-25 22:32:23 - put	TotalCount = 10000
2025-03-25 22:32:23 - 		TotalTime = 3820800 ns
2025-03-25 22:32:23 - 		MedianTime = 382 ns
2025-03-25 22:32:23 - remove	TotalCount = 1000
2025-03-25 22:32:23 - 		TotalTime = 1173500 ns
2025-03-25 22:32:23 - 		MedianTime = 1173 ns
2025-03-25 22:32:23 - ------------------------------------------------------------------------------
2025-03-25 22:32:23 - ------------------------------------------------------------------------------
2025-03-25 22:32:23 - Testing with size: 100000
2025-03-25 22:32:23 - ------------------------------------------------------------------------------
2025-03-25 22:32:23 - ArrayList: add, ID = 0, 2400 ns
2025-03-25 22:32:23 - ArrayList capacity increased from 0 to 10 	 in 2400 ns
2025-03-25 22:32:23 - ArrayList: add, ID = 1, 1400 ns
2025-03-25 22:32:23 - ArrayList: add, ID = 2, 800 ns
2025-03-25 22:32:23 - ArrayList: add, ID = 3, 900 ns
2025-03-25 22:32:23 - ArrayList: add, ID = 4, 400 ns
2025-03-25 22:32:23 - ArrayList: add, ID = 5, 500 ns
2025-03-25 22:32:23 - ArrayList: add, ID = 6, 400 ns
2025-03-25 22:32:23 - ArrayList: add, ID = 7, 300 ns
2025-03-25 22:32:23 - ArrayList: add, ID = 8, 400 ns
2025-03-25 22:32:23 - ArrayList: add, ID = 9, 200 ns
2025-03-25 22:32:23 - ArrayList: add, ID = 10, 600 ns
2025-03-25 22:32:23 - ArrayList capacity increased from 10 to 15 	 in 400 ns
2025-03-25 22:32:23 - ArrayList: add, ID = 11, 300 ns
2025-03-25 22:32:23 - ArrayList: add, ID = 12, 200 ns
2025-03-25 22:32:23 - ArrayList: add, ID = 13, 200 ns
2025-03-25 22:32:23 - ArrayList: add, ID = 14, 400 ns
2025-03-25 22:32:23 - ArrayList: add, ID = 15, 600 ns
2025-03-25 22:32:23 - ArrayList capacity increased from 15 to 22 	 in 200 ns
2025-03-25 22:32:23 - ArrayList: add, ID = 16, 900 ns
2025-03-25 22:32:23 - ArrayList: add, ID = 17, 300 ns
2025-03-25 22:32:23 - ArrayList: add, ID = 18, 200 ns
2025-03-25 22:32:23 - ArrayList: add, ID = 19, 300 ns
2025-03-25 22:32:23 - ArrayList: add, ID = 20, 800 ns
2025-03-25 22:32:23 - ArrayList: add, ID = 21, 400 ns
2025-03-25 22:32:23 - ArrayList: add, ID = 22, 500 ns
2025-03-25 22:32:23 - ArrayList capacity increased from 22 to 33 	 in 100 ns
2025-03-25 22:32:23 - ArrayList: add, ID = 23, 400 ns
2025-03-25 22:32:23 - ArrayList: add, ID = 24, 300 ns
2025-03-25 22:32:23 - ArrayList: add, ID = 25, 300 ns
2025-03-25 22:32:23 - ArrayList: add, ID = 26, 300 ns
2025-03-25 22:32:23 - ArrayList: add, ID = 27, 300 ns
2025-03-25 22:32:23 - ArrayList: add, ID = 28, 300 ns
2025-03-25 22:32:23 - ArrayList: add, ID = 29, 300 ns
2025-03-25 22:32:23 - ArrayList: add, ID = 30, 300 ns
2025-03-25 22:32:23 - ArrayList: add, ID = 31, 600 ns
2025-03-25 22:32:23 - ArrayList: add, ID = 32, 400 ns
2025-03-25 22:32:23 - ArrayList: add, ID = 33, 500 ns
2025-03-25 22:32:23 - ArrayList capacity increased from 33 to 49 	 in 100 ns
2025-03-25 22:32:23 - ArrayList: add, ID = 34, 300 ns
2025-03-25 22:32:23 - ArrayList: add, ID = 35, 300 ns
2025-03-25 22:32:23 - ArrayList: add, ID = 36, 300 ns
2025-03-25 22:32:23 - ArrayList: add, ID = 37, 300 ns
2025-03-25 22:32:23 - ArrayList: add, ID = 38, 300 ns
2025-03-25 22:32:23 - ArrayList: add, ID = 39, 200 ns
2025-03-25 22:32:23 - ArrayList: add, ID = 40, 300 ns
2025-03-25 22:32:23 - ArrayList: add, ID = 41, 300 ns
2025-03-25 22:32:23 - ArrayList: add, ID = 42, 200 ns
2025-03-25 22:32:23 - ArrayList: add, ID = 43, 200 ns
2025-03-25 22:32:23 - ArrayList: add, ID = 44, 300 ns
2025-03-25 22:32:23 - ArrayList: add, ID = 45, 300 ns
2025-03-25 22:32:23 - ArrayList: add, ID = 46, 400 ns
2025-03-25 22:32:23 - ArrayList: add, ID = 47, 300 ns
2025-03-25 22:32:23 - ArrayList: add, ID = 48, 300 ns
2025-03-25 22:32:23 - ArrayList: add, ID = 49, 800 ns
2025-03-25 22:32:23 - ArrayList capacity increased from 49 to 73 	 in 500 ns
2025-03-25 22:32:23 - ArrayList capacity increased from 73 to 109 	 in 100 ns
2025-03-25 22:32:23 - ArrayList capacity increased from 109 to 163 	 in 100 ns
2025-03-25 22:32:23 - ArrayList capacity increased from 163 to 244 	 in 100 ns
2025-03-25 22:32:23 - ArrayList capacity increased from 244 to 366 	 in 600 ns
2025-03-25 22:32:23 - ArrayList capacity increased from 366 to 549 	 in 1400 ns
2025-03-25 22:32:23 - ArrayList capacity increased from 549 to 823 	 in 1700 ns
2025-03-25 22:32:23 - ArrayList capacity increased from 823 to 1234 	 in 3500 ns
2025-03-25 22:32:23 - ArrayList capacity increased from 1234 to 1851 	 in 3800 ns
2025-03-25 22:32:23 - ArrayList capacity increased from 1851 to 2776 	 in 5900 ns
2025-03-25 22:32:23 - ArrayList capacity increased from 2776 to 4164 	 in 7500 ns
2025-03-25 22:32:23 - ArrayList capacity increased from 4164 to 6246 	 in 11700 ns
2025-03-25 22:32:23 - ArrayList capacity increased from 6246 to 9369 	 in 19200 ns
2025-03-25 22:32:23 - ArrayList capacity increased from 9369 to 14053 	 in 7500 ns
2025-03-25 22:32:23 - ArrayList capacity increased from 14053 to 21079 	 in 10900 ns
2025-03-25 22:32:23 - ArrayList capacity increased from 21079 to 31618 	 in 17000 ns
2025-03-25 22:32:23 - ArrayList capacity increased from 31618 to 47427 	 in 23800 ns
2025-03-25 22:32:23 - ArrayList capacity increased from 47427 to 71140 	 in 35500 ns
2025-03-25 22:32:23 - ArrayList capacity increased from 71140 to 106710 	 in 138300 ns
2025-03-25 22:32:23 - ArrayList: add, ID = 99950, 0 ns
2025-03-25 22:32:23 - ArrayList: add, ID = 99951, 1400 ns
2025-03-25 22:32:23 - ArrayList: add, ID = 99952, 500 ns
2025-03-25 22:32:23 - ArrayList: add, ID = 99953, 100 ns
2025-03-25 22:32:23 - ArrayList: add, ID = 99954, 100 ns
2025-03-25 22:32:23 - ArrayList: add, ID = 99955, 100 ns
2025-03-25 22:32:23 - ArrayList: add, ID = 99956, 300 ns
2025-03-25 22:32:23 - ArrayList: add, ID = 99957, 200 ns
2025-03-25 22:32:23 - ArrayList: add, ID = 99958, 100 ns
2025-03-25 22:32:23 - ArrayList: add, ID = 99959, 200 ns
2025-03-25 22:32:23 - ArrayList: add, ID = 99960, 400 ns
2025-03-25 22:32:23 - ArrayList: add, ID = 99961, 200 ns
2025-03-25 22:32:23 - ArrayList: add, ID = 99962, 100 ns
2025-03-25 22:32:23 - ArrayList: add, ID = 99963, 200 ns
2025-03-25 22:32:23 - ArrayList: add, ID = 99964, 300 ns
2025-03-25 22:32:23 - ArrayList: add, ID = 99965, 800 ns
2025-03-25 22:32:23 - ArrayList: add, ID = 99966, 600 ns
2025-03-25 22:32:23 - ArrayList: add, ID = 99967, 400 ns
2025-03-25 22:32:23 - ArrayList: add, ID = 99968, 100 ns
2025-03-25 22:32:23 - ArrayList: add, ID = 99969, 100 ns
2025-03-25 22:32:23 - ArrayList: add, ID = 99970, 100 ns
2025-03-25 22:32:23 - ArrayList: add, ID = 99971, 100 ns
2025-03-25 22:32:23 - ArrayList: add, ID = 99972, 200 ns
2025-03-25 22:32:23 - ArrayList: add, ID = 99973, 200 ns
2025-03-25 22:32:23 - ArrayList: add, ID = 99974, 400 ns
2025-03-25 22:32:23 - ArrayList: add, ID = 99975, 200 ns
2025-03-25 22:32:23 - ArrayList: add, ID = 99976, 100 ns
2025-03-25 22:32:23 - ArrayList: add, ID = 99977, 100 ns
2025-03-25 22:32:23 - ArrayList: add, ID = 99978, 700 ns
2025-03-25 22:32:23 - ArrayList: add, ID = 99979, 400 ns
2025-03-25 22:32:23 - ArrayList: add, ID = 99980, 100 ns
2025-03-25 22:32:23 - ArrayList: add, ID = 99981, 200 ns
2025-03-25 22:32:23 - ArrayList: add, ID = 99982, 100 ns
2025-03-25 22:32:23 - ArrayList: add, ID = 99983, 200 ns
2025-03-25 22:32:23 - ArrayList: add, ID = 99984, 200 ns
2025-03-25 22:32:23 - ArrayList: add, ID = 99985, 200 ns
2025-03-25 22:32:23 - ArrayList: add, ID = 99986, 200 ns
2025-03-25 22:32:23 - ArrayList: add, ID = 99987, 700 ns
2025-03-25 22:32:23 - ArrayList: add, ID = 99988, 300 ns
2025-03-25 22:32:23 - ArrayList: add, ID = 99989, 300 ns
2025-03-25 22:32:23 - ArrayList: add, ID = 99990, 200 ns
2025-03-25 22:32:23 - ArrayList: add, ID = 99991, 100 ns
2025-03-25 22:32:23 - ArrayList: add, ID = 99992, 200 ns
2025-03-25 22:32:23 - ArrayList: add, ID = 99993, 200 ns
2025-03-25 22:32:23 - ArrayList: add, ID = 99994, 200 ns
2025-03-25 22:32:23 - ArrayList: add, ID = 99995, 500 ns
2025-03-25 22:32:23 - ArrayList: add, ID = 99996, 200 ns
2025-03-25 22:32:23 - ArrayList: add, ID = 99997, 600 ns
2025-03-25 22:32:23 - ArrayList: add, ID = 99998, 400 ns
2025-03-25 22:32:23 - ArrayList: add, ID = 99999, 400 ns
2025-03-25 22:32:23 - ArrayList: remove, ID = 10684, 33900 ns
2025-03-25 22:32:23 - ArrayList: remove, ID = 32793, 37400 ns
2025-03-25 22:32:23 - ArrayList: remove, ID = 46597, 19500 ns
2025-03-25 22:32:23 - ArrayList: remove, ID = 86055, 6600 ns
2025-03-25 22:32:23 - ArrayList: remove, ID = 65982, 16100 ns
2025-03-25 22:32:23 - ArrayList: remove, ID = 96423, 4700 ns
2025-03-25 22:32:23 - ArrayList: remove, ID = 35118, 25600 ns
2025-03-25 22:32:23 - ArrayList: remove, ID = 27972, 26000 ns
2025-03-25 22:32:23 - ArrayList: remove, ID = 80977, 11300 ns
2025-03-25 22:32:23 - ArrayList: remove, ID = 38537, 30100 ns
2025-03-25 22:32:23 - ArrayList: remove, ID = 34897, 26300 ns
2025-03-25 22:32:23 - ArrayList: remove, ID = 21011, 43800 ns
2025-03-25 22:32:23 - ArrayList: remove, ID = 65781, 17700 ns
2025-03-25 22:32:23 - ArrayList: remove, ID = 62573, 20700 ns
2025-03-25 22:32:23 - ArrayList: remove, ID = 36878, 27500 ns
2025-03-25 22:32:23 - ArrayList: remove, ID = 36285, 17600 ns
2025-03-25 22:32:23 - ArrayList: remove, ID = 73591, 12200 ns
2025-03-25 22:32:23 - ArrayList: remove, ID = 88804, 4200 ns
2025-03-25 22:32:23 - ArrayList: remove, ID = 22325, 32200 ns
2025-03-25 22:32:23 - ArrayList: remove, ID = 50676, 20700 ns
2025-03-25 22:32:23 - ArrayList: remove, ID = 10707, 24900 ns
2025-03-25 22:32:23 - ArrayList: remove, ID = 74880, 5800 ns
2025-03-25 22:32:23 - ArrayList: remove, ID = 29666, 19900 ns
2025-03-25 22:32:23 - ArrayList: remove, ID = 75926, 6800 ns
2025-03-25 22:32:23 - ArrayList: remove, ID = 18069, 22900 ns
2025-03-25 22:32:23 - ArrayList: remove, ID = 34070, 18000 ns
2025-03-25 22:32:23 - ArrayList: remove, ID = 15233, 23200 ns
2025-03-25 22:32:23 - ArrayList: remove, ID = 7741, 21300 ns
2025-03-25 22:32:23 - ArrayList: remove, ID = 88172, 6400 ns
2025-03-25 22:32:23 - ArrayList: remove, ID = 9252, 42500 ns
2025-03-25 22:32:23 - ArrayList: remove, ID = 8996, 39400 ns
2025-03-25 22:32:23 - ArrayList: remove, ID = 90534, 2200 ns
2025-03-25 22:32:23 - ArrayList: remove, ID = 6790, 30800 ns
2025-03-25 22:32:23 - ArrayList: remove, ID = 13641, 26600 ns
2025-03-25 22:32:23 - ArrayList: remove, ID = 66558, 8800 ns
2025-03-25 22:32:23 - ArrayList: remove, ID = 10664, 33700 ns
2025-03-25 22:32:23 - ArrayList: remove, ID = 44045, 22200 ns
2025-03-25 22:32:23 - ArrayList: remove, ID = 90554, 6200 ns
2025-03-25 22:32:23 - ArrayList: remove, ID = 84572, 9300 ns
2025-03-25 22:32:23 - ArrayList: remove, ID = 24537, 34300 ns
2025-03-25 22:32:23 - ArrayList: remove, ID = 73211, 10600 ns
2025-03-25 22:32:23 - ArrayList: remove, ID = 19750, 25800 ns
2025-03-25 22:32:23 - ArrayList: remove, ID = 58280, 11600 ns
2025-03-25 22:32:23 - ArrayList: remove, ID = 3211, 39900 ns
2025-03-25 22:32:23 - ArrayList: remove, ID = 40592, 14800 ns
2025-03-25 22:32:23 - ArrayList: remove, ID = 13087, 23000 ns
2025-03-25 22:32:23 - ArrayList: remove, ID = 25320, 23600 ns
2025-03-25 22:32:23 - ArrayList: remove, ID = 70852, 11800 ns
2025-03-25 22:32:23 - ArrayList: remove, ID = 81418, 9200 ns
2025-03-25 22:32:23 - ArrayList: remove, ID = 31782, 26700 ns
2025-03-25 22:32:23 - ------------------------------------------------------------------------------
2025-03-25 22:32:23 - ArrayList Summary:
2025-03-25 22:32:23 - ------------------------------------------------------------------------------
2025-03-25 22:32:23 - add	TotalCount = 100000
2025-03-25 22:32:23 - 		TotalTime = 6776900 ns
2025-03-25 22:32:23 - 		MedianTime = 67 ns
2025-03-25 22:32:23 - remove	TotalCount = 10000
2025-03-25 22:32:23 - 		TotalTime = 51916900 ns
2025-03-25 22:32:23 - 		MedianTime = 5191 ns
2025-03-25 22:32:23 - ------------------------------------------------------------------------------
2025-03-25 22:32:23 - HashMap: put, ID = 0, 2700 ns
2025-03-25 22:32:23 - HashMap: put, ID = 1, 1100 ns
2025-03-25 22:32:23 - HashMap: put, ID = 2, 500 ns
2025-03-25 22:32:23 - HashMap: put, ID = 3, 500 ns
2025-03-25 22:32:23 - HashMap: put, ID = 4, 300 ns
2025-03-25 22:32:23 - HashMap: put, ID = 5, 400 ns
2025-03-25 22:32:23 - HashMap: put, ID = 6, 400 ns
2025-03-25 22:32:23 - HashMap: put, ID = 7, 500 ns
2025-03-25 22:32:23 - HashMap: put, ID = 8, 700 ns
2025-03-25 22:32:23 - HashMap: put, ID = 9, 500 ns
2025-03-25 22:32:23 - HashMap: put, ID = 10, 400 ns
2025-03-25 22:32:23 - HashMap: put, ID = 11, 400 ns
2025-03-25 22:32:23 - HashMap: put, ID = 12, 21400 ns
2025-03-25 22:32:23 - HashMap: put, ID = 13, 500 ns
2025-03-25 22:32:23 - HashMap: put, ID = 14, 400 ns
2025-03-25 22:32:23 - HashMap: put, ID = 15, 400 ns
2025-03-25 22:32:23 - HashMap: put, ID = 16, 500 ns
2025-03-25 22:32:23 - HashMap: put, ID = 17, 500 ns
2025-03-25 22:32:23 - HashMap: put, ID = 18, 700 ns
2025-03-25 22:32:23 - HashMap: put, ID = 19, 700 ns
2025-03-25 22:32:23 - HashMap: put, ID = 20, 500 ns
2025-03-25 22:32:23 - HashMap: put, ID = 21, 300 ns
2025-03-25 22:32:23 - HashMap: put, ID = 22, 500 ns
2025-03-25 22:32:23 - HashMap: put, ID = 23, 600 ns
2025-03-25 22:32:23 - HashMap: put, ID = 24, 4400 ns
2025-03-25 22:32:23 - HashMap: put, ID = 25, 600 ns
2025-03-25 22:32:23 - HashMap: put, ID = 26, 400 ns
2025-03-25 22:32:23 - HashMap: put, ID = 27, 400 ns
2025-03-25 22:32:23 - HashMap: put, ID = 28, 500 ns
2025-03-25 22:32:23 - HashMap: put, ID = 29, 600 ns
2025-03-25 22:32:23 - HashMap: put, ID = 30, 600 ns
2025-03-25 22:32:23 - HashMap: put, ID = 31, 400 ns
2025-03-25 22:32:23 - HashMap: put, ID = 32, 600 ns
2025-03-25 22:32:23 - HashMap: put, ID = 33, 500 ns
2025-03-25 22:32:23 - HashMap: put, ID = 34, 400 ns
2025-03-25 22:32:23 - HashMap: put, ID = 35, 500 ns
2025-03-25 22:32:23 - HashMap: put, ID = 36, 1000 ns
2025-03-25 22:32:23 - HashMap: put, ID = 37, 600 ns
2025-03-25 22:32:23 - HashMap: put, ID = 38, 600 ns
2025-03-25 22:32:23 - HashMap: put, ID = 39, 600 ns
2025-03-25 22:32:23 - HashMap: put, ID = 40, 600 ns
2025-03-25 22:32:23 - HashMap: put, ID = 41, 600 ns
2025-03-25 22:32:23 - HashMap: put, ID = 42, 900 ns
2025-03-25 22:32:23 - HashMap: put, ID = 43, 1300 ns
2025-03-25 22:32:23 - HashMap: put, ID = 44, 700 ns
2025-03-25 22:32:23 - HashMap: put, ID = 45, 600 ns
2025-03-25 22:32:23 - HashMap: put, ID = 46, 500 ns
2025-03-25 22:32:23 - HashMap: put, ID = 47, 800 ns
2025-03-25 22:32:23 - HashMap: put, ID = 48, 9000 ns
2025-03-25 22:32:23 - HashMap: put, ID = 49, 600 ns
2025-03-25 22:32:23 - HashMap: put, ID = 99950, 100 ns
2025-03-25 22:32:23 - HashMap: put, ID = 99951, 500 ns
2025-03-25 22:32:23 - HashMap: put, ID = 99952, 200 ns
2025-03-25 22:32:23 - HashMap: put, ID = 99953, 200 ns
2025-03-25 22:32:23 - HashMap: put, ID = 99954, 300 ns
2025-03-25 22:32:23 - HashMap: put, ID = 99955, 200 ns
2025-03-25 22:32:23 - HashMap: put, ID = 99956, 300 ns
2025-03-25 22:32:23 - HashMap: put, ID = 99957, 300 ns
2025-03-25 22:32:23 - HashMap: put, ID = 99958, 300 ns
2025-03-25 22:32:23 - HashMap: put, ID = 99959, 200 ns
2025-03-25 22:32:23 - HashMap: put, ID = 99960, 300 ns
2025-03-25 22:32:23 - HashMap: put, ID = 99961, 200 ns
2025-03-25 22:32:23 - HashMap: put, ID = 99962, 200 ns
2025-03-25 22:32:23 - HashMap: put, ID = 99963, 200 ns
2025-03-25 22:32:23 - HashMap: put, ID = 99964, 200 ns
2025-03-25 22:32:23 - HashMap: put, ID = 99965, 400 ns
2025-03-25 22:32:23 - HashMap: put, ID = 99966, 200 ns
2025-03-25 22:32:23 - HashMap: put, ID = 99967, 200 ns
2025-03-25 22:32:23 - HashMap: put, ID = 99968, 200 ns
2025-03-25 22:32:23 - HashMap: put, ID = 99969, 200 ns
2025-03-25 22:32:23 - HashMap: put, ID = 99970, 200 ns
2025-03-25 22:32:23 - HashMap: put, ID = 99971, 200 ns
2025-03-25 22:32:23 - HashMap: put, ID = 99972, 200 ns
2025-03-25 22:32:23 - HashMap: put, ID = 99973, 300 ns
2025-03-25 22:32:23 - HashMap: put, ID = 99974, 200 ns
2025-03-25 22:32:23 - HashMap: put, ID = 99975, 300 ns
2025-03-25 22:32:23 - HashMap: put, ID = 99976, 200 ns
2025-03-25 22:32:23 - HashMap: put, ID = 99977, 200 ns
2025-03-25 22:32:23 - HashMap: put, ID = 99978, 200 ns
2025-03-25 22:32:23 - HashMap: put, ID = 99979, 1000 ns
2025-03-25 22:32:23 - HashMap: put, ID = 99980, 400 ns
2025-03-25 22:32:23 - HashMap: put, ID = 99981, 300 ns
2025-03-25 22:32:23 - HashMap: put, ID = 99982, 500 ns
2025-03-25 22:32:23 - HashMap: put, ID = 99983, 400 ns
2025-03-25 22:32:23 - HashMap: put, ID = 99984, 400 ns
2025-03-25 22:32:23 - HashMap: put, ID = 99985, 300 ns
2025-03-25 22:32:23 - HashMap: put, ID = 99986, 300 ns
2025-03-25 22:32:23 - HashMap: put, ID = 99987, 400 ns
2025-03-25 22:32:23 - HashMap: put, ID = 99988, 300 ns
2025-03-25 22:32:23 - HashMap: put, ID = 99989, 300 ns
2025-03-25 22:32:23 - HashMap: put, ID = 99990, 300 ns
2025-03-25 22:32:23 - HashMap: put, ID = 99991, 300 ns
2025-03-25 22:32:23 - HashMap: put, ID = 99992, 300 ns
2025-03-25 22:32:23 - HashMap: put, ID = 99993, 300 ns
2025-03-25 22:32:23 - HashMap: put, ID = 99994, 300 ns
2025-03-25 22:32:23 - HashMap: put, ID = 99995, 200 ns
2025-03-25 22:32:23 - HashMap: put, ID = 99996, 200 ns
2025-03-25 22:32:23 - HashMap: put, ID = 99997, 100 ns
2025-03-25 22:32:23 - HashMap: put, ID = 99998, 200 ns
2025-03-25 22:32:23 - HashMap: put, ID = 99999, 100 ns
2025-03-25 22:32:23 - HashMap: remove, ID = 59292, 10000 ns
2025-03-25 22:32:23 - HashMap: remove, ID = 1357, 21800 ns
2025-03-25 22:32:23 - HashMap: remove, ID = 7288, 1200 ns
2025-03-25 22:32:23 - HashMap: remove, ID = 18861, 1300 ns
2025-03-25 22:32:23 - HashMap: remove, ID = 42470, 1200 ns
2025-03-25 22:32:23 - HashMap: remove, ID = 96632, 1300 ns
2025-03-25 22:32:23 - HashMap: remove, ID = 15399, 1200 ns
2025-03-25 22:32:23 - HashMap: remove, ID = 75578, 1000 ns
2025-03-25 22:32:23 - HashMap: remove, ID = 12074, 900 ns
2025-03-25 22:32:23 - HashMap: remove, ID = 74356, 1000 ns
2025-03-25 22:32:23 - HashMap: remove, ID = 88377, 1000 ns
2025-03-25 22:32:23 - HashMap: remove, ID = 69555, 1000 ns
2025-03-25 22:32:23 - HashMap: remove, ID = 45654, 1000 ns
2025-03-25 22:32:23 - HashMap: remove, ID = 35162, 1200 ns
2025-03-25 22:32:23 - HashMap: remove, ID = 19383, 900 ns
2025-03-25 22:32:23 - HashMap: remove, ID = 33098, 800 ns
2025-03-25 22:32:23 - HashMap: remove, ID = 82281, 1000 ns
2025-03-25 22:32:23 - HashMap: remove, ID = 31914, 900 ns
2025-03-25 22:32:23 - HashMap: remove, ID = 37324, 1000 ns
2025-03-25 22:32:23 - HashMap: remove, ID = 87915, 1000 ns
2025-03-25 22:32:23 - HashMap: remove, ID = 96037, 1300 ns
2025-03-25 22:32:23 - HashMap: remove, ID = 87803, 800 ns
2025-03-25 22:32:23 - HashMap: remove, ID = 57965, 1000 ns
2025-03-25 22:32:23 - HashMap: remove, ID = 13018, 900 ns
2025-03-25 22:32:23 - HashMap: remove, ID = 51682, 1200 ns
2025-03-25 22:32:23 - HashMap: remove, ID = 91267, 900 ns
2025-03-25 22:32:23 - HashMap: remove, ID = 49786, 900 ns
2025-03-25 22:32:23 - HashMap: remove, ID = 68712, 1000 ns
2025-03-25 22:32:23 - HashMap: remove, ID = 18335, 1400 ns
2025-03-25 22:32:23 - HashMap: remove, ID = 84320, 1200 ns
2025-03-25 22:32:23 - HashMap: remove, ID = 72252, 1000 ns
2025-03-25 22:32:23 - HashMap: remove, ID = 85746, 1100 ns
2025-03-25 22:32:23 - HashMap: remove, ID = 33491, 1000 ns
2025-03-25 22:32:23 - HashMap: remove, ID = 4993, 1000 ns
2025-03-25 22:32:23 - HashMap: remove, ID = 15374, 900 ns
2025-03-25 22:32:23 - HashMap: remove, ID = 71062, 1200 ns
2025-03-25 22:32:23 - HashMap: remove, ID = 92802, 1100 ns
2025-03-25 22:32:23 - HashMap: remove, ID = 56947, 1000 ns
2025-03-25 22:32:23 - HashMap: remove, ID = 51832, 900 ns
2025-03-25 22:32:23 - HashMap: remove, ID = 85234, 1000 ns
2025-03-25 22:32:23 - HashMap: remove, ID = 33931, 1100 ns
2025-03-25 22:32:23 - HashMap: remove, ID = 93676, 1000 ns
2025-03-25 22:32:23 - HashMap: remove, ID = 3094, 900 ns
2025-03-25 22:32:23 - HashMap: remove, ID = 23163, 1100 ns
2025-03-25 22:32:23 - HashMap: remove, ID = 9534, 1000 ns
2025-03-25 22:32:23 - HashMap: remove, ID = 94606, 1200 ns
2025-03-25 22:32:23 - HashMap: remove, ID = 31191, 1000 ns
2025-03-25 22:32:23 - HashMap: remove, ID = 65943, 1100 ns
2025-03-25 22:32:23 - HashMap: remove, ID = 90923, 1000 ns
2025-03-25 22:32:23 - HashMap: remove, ID = 81464, 1100 ns
2025-03-25 22:32:23 - ------------------------------------------------------------------------------
2025-03-25 22:32:23 - HashMap Summary:
2025-03-25 22:32:23 - ------------------------------------------------------------------------------
2025-03-25 22:32:23 - put	TotalCount = 100000
2025-03-25 22:32:23 - 		TotalTime = 19307300 ns
2025-03-25 22:32:23 - 		MedianTime = 193 ns
2025-03-25 22:32:23 - remove	TotalCount = 10000
2025-03-25 22:32:23 - 		TotalTime = 3447700 ns
2025-03-25 22:32:23 - 		MedianTime = 344 ns
2025-03-25 22:32:23 - ------------------------------------------------------------------------------
2025-03-25 22:32:23 - ------------------------------------------------------------------------------
2025-03-25 22:32:23 - Finish program
2025-03-25 22:32:23 - Total errors: 0
2025-03-25 22:32:23 - ------------------------------------------------------------------------------
